#
# A fatal error has been detected by the Java Runtime Environment:
#
#  EXCEPTION_ILLEGAL_INSTRUCTION (0xc000001d) at pc=0x00000201d62d7a04, pid=9452, tid=1596
#
# JRE version: OpenJDK Runtime Environment Temurin-17.0.5+8 (17.0.5+8) (build 17.0.5+8)
# Java VM: OpenJDK 64-Bit Server VM Temurin-17.0.5+8 (17.0.5+8, mixed mode, emulated-client, tiered, compressed oops, compressed class ptrs, g1 gc, windows-amd64)
# Problematic frame:
# J 5156 c1 org.springframework.orm.jpa.support.PersistenceAnnotationBeanPostProcessor.buildPersistenceMetadata(Ljava/lang/Class;)Lorg/springframework/beans/factory/annotation/InjectionMetadata; (103 bytes) @ 0x00000201d62d7a04 [0x00000201d62d7000+0x0000000000000a04]
#
# No core dump will be written. Minidumps are not enabled by default on client versions of Windows
#
# If you would like to submit a bug report, please visit:
#   https://github.com/adoptium/adoptium-support/issues
#

---------------  S U M M A R Y ------------

Command Line: -XX:+ShowCodeDetailsInExceptionMessages -agentlib:jdwp=transport=dt_socket,suspend=y,address=localhost:63664 -Dcom.sun.management.jmxremote -Dcom.sun.management.jmxremote.port=63663 -Dcom.sun.management.jmxremote.authenticate=false -Dcom.sun.management.jmxremote.ssl=false -Djava.rmi.server.hostname=localhost -Dspring.jmx.enabled=true -Dmanagement.endpoints.jmx.exposure.include=* -Dspring.application.admin.enabled=true -XX:TieredStopAtLevel=1 -Dspring.boot.project.name=bds04 -javaagent:C:\Sts\sts-4.17.1.RELEASE\configuration\org.eclipse.osgi\267\0\.cp\lib\javaagent-shaded.jar -Dfile.encoding=UTF-8 com.lrcs.Bds04Application --spring.output.ansi.enabled=always

Host: AMD FX(tm)-6300 Six-Core Processor             , 2 cores, 7G,  Windows 10 , 64 bit Build 19041 (10.0.19041.2364)
Time: Wed Jan 25 06:57:52 2023 Hora oficial do Brasil elapsed time: 10.590689 seconds (0d 0h 0m 10s)

---------------  T H R E A D  ---------------

Current thread (0x00000201d21e3110):  JavaThread "main" [_thread_in_Java, id=1596, stack(0x000000f1f6600000,0x000000f1f6700000)]

Stack: [0x000000f1f6600000,0x000000f1f6700000],  sp=0x000000f1f66fe290,  free space=1016k
Native frames: (J=compiled Java code, j=interpreted, Vv=VM code, C=native code)
C  0x00000201d62d7a04


siginfo: EXCEPTION_ILLEGAL_INSTRUCTION (0xc000001d)


Register to memory mapping:

RIP=0x00000201d62d7a04 is at entry_point+2564 in (nmethod*)0x00000201d62d6d90
RAX=0x00000000840e2488 is an oop: org.springframework.beans.factory.annotation.InjectionMetadata 
{0x00000000840e2488} - klass: 'org/springframework/beans/factory/annotation/InjectionMetadata'
 - ---- fields (total size 3 words):
 - private final 'targetClass' 'Ljava/lang/Class;' @12  a 'java/lang/Class'{0x0000000080f59bf8} = 'org/springframework/boot/autoconfigure/web/client/RestTemplateAutoConfiguration' (80f59bf8)
 - private final 'injectedElements' 'Ljava/util/Collection;' @16  a 'java/util/Collections$EmptyList'{0x000000008043c928} (8043c928)
 - private volatile 'checkedElements' 'Ljava/util/Set;' @20  NULL (0)
RBX=0x00000000804003e0 is an oop: java.lang.Class 
{0x00000000804003e0} - klass: 'java/lang/Class'
 - ---- fields (total size 14 words):
 - private volatile transient 'classRedefinedCount' 'I' @12  0
 - private volatile transient 'cachedConstructor' 'Ljava/lang/reflect/Constructor;' @40  NULL (0)
 - private transient 'name' 'Ljava/lang/String;' @44  "java.lang.Object"{0x00000000803d74b0} (803d74b0)
 - private transient 'module' 'Ljava/lang/Module;' @48  a 'java/lang/Module'{0x0000000080400eb8} (80400eb8)
 - private final 'classLoader' 'Ljava/lang/ClassLoader;' @52  NULL (0)
 - private transient 'classData' 'Ljava/lang/Object;' @56  NULL (0)
 - private transient 'packageName' 'Ljava/lang/String;' @60  "java.lang"{0x0000000080403350} (80403350)
 - private final 'componentType' 'Ljava/lang/Class;' @64  NULL (0)
 - private volatile transient 'reflectionData' 'Ljava/lang/ref/SoftReference;' @68  a 'java/lang/ref/SoftReference'{0x0000000080907ee0} (80907ee0)
 - private volatile transient 'genericInfo' 'Lsun/reflect/generics/repository/ClassRepository;' @72  a 'sun/reflect/generics/repository/ClassRepository'{0x00000000807ae960} (807ae960)
 - private volatile transient 'enumConstants' '[Ljava/lang/Object;' @76  NULL (0)
 - private volatile transient 'enumConstantDirectory' 'Ljava/util/Map;' @80  NULL (0)
 - private volatile transient 'annotationData' 'Ljava/lang/Class$AnnotationData;' @84  a 'java/lang/Class$AnnotationData'{0x0000000080907ec8} (80907ec8)
 - private volatile transient 'annotationType' 'Lsun/reflect/annotation/AnnotationType;' @88  NULL (0)
 - transient 'classValueMap' 'Ljava/lang/ClassValue$ClassValueMap;' @92  NULL (0)
 - signature: Ljava/lang/Object;
 - fake entry for mirror: 'java/lang/Object'
 - fake entry for array: 'java/lang/Object'[]
 - fake entry for oop_size: 14
 - fake entry for static_oop_field_count: 0
RCX=0x0 is NULL
RDX=0x000000008043c928 is an oop: java.util.Collections$EmptyList 
{0x000000008043c928} - klass: 'java/util/Collections$EmptyList'
 - ---- fields (total size 2 words):
 - protected transient 'modCount' 'I' @12  0
RSP=0x000000f1f66fe290 is pointing into the stack for thread: 0x00000201d21e3110
RBP=0x000000f1f66fe4b0 is pointing into the stack for thread: 0x00000201d21e3110
RSI=0x0000000000000044 is an unknown value
RDI=
[error occurred during error reporting (printing register info), id 0xc0000005, EXCEPTION_ACCESS_VIOLATION (0xc0000005) at pc=0x00007ffa55e11c2a]

Registers:
RAX=0x00000000840e2488, RBX=0x00000000804003e0, RCX=0x0000000000000000, RDX=0x000000008043c928
RSP=0x000000f1f66fe290, RBP=0x000000f1f66fe4b0, RSI=0x0000000000000044, RDI=0x00000000840e24a0
R8 =0x00000000840e2338, R9 =0x0000000080f59bf8, R10=0x000000008043c928, R11=0x00000000840e2488
R12=0x0000000000000000, R13=0x0000000000000000, R14=0x000000008072c8e0, R15=0x00000201d21e3110
RIP=0x00000201d62d7a04, EFLAGS=0x0000000000010206

Top of Stack: (sp=0x000000f1f66fe290)
0x000000f1f66fe290:   00000000840e2488 00000201d59bc8d4
0x000000f1f66fe2a0:   000000f1f66fe300 00000201e2dab258
0x000000f1f66fe2b0:   0000000000000000 00000000806d7aa0
0x000000f1f66fe2c0:   00000201e2d97d88 0000000000000000
0x000000f1f66fe2d0:   000000f1f66fe2e8 000000f1f66fe350
0x000000f1f66fe2e0:   00000201d5899dd2 0000000000000000
0x000000f1f66fe2f0:   0000000080400de8 0000000080933140
0x000000f1f66fe300:   00000000840e1ed8 00000000840e1f40
0x000000f1f66fe310:   0000000080dab9a8 000000f1f66fe368
0x000000f1f66fe320:   00000000810c8e80 0000000080d798e8
0x000000f1f66fe330:   00000000806d7b90 0000000080f59bf8
0x000000f1f66fe340:   00000000810c8e48 00000000840e2350
0x000000f1f66fe350:   0000000080f59bf8 00000000803fb6b0
0x000000f1f66fe360:   00000000840e2338 00000000840e1ed8
0x000000f1f66fe370:   000000f1f66fe4b0 00000201d624fc54
0x000000f1f66fe380:   000000f1f66fe3d0 00000201e2da8000 

Instructions: (pc=0x00000201d62d7a04)
0x00000201d62d7904:   48 83 fa 00 0f 84 7c fb ff ff 48 89 14 24 e8 e9
0x00000201d62d7914:   fc 6b ff e9 6e fb ff ff e8 ff a5 6b ff 48 83 fa
0x00000201d62d7924:   00 0f 84 82 fb ff ff 48 89 04 24 e8 cc ff 6b ff
0x00000201d62d7934:   e9 74 fb ff ff 44 8b 40 10 49 83 f8 00 0f 84 75
0x00000201d62d7944:   fb ff ff 4c 89 04 24 e8 b0 fc 6b ff e9 67 fb ff
0x00000201d62d7954:   ff 49 83 f8 00 0f 84 80 fb ff ff 48 89 04 24 e8
0x00000201d62d7964:   98 ff 6b ff e9 72 fb ff ff 8b 70 14 48 83 fe 00
0x00000201d62d7974:   0f 84 73 fb ff ff 48 89 34 24 e8 7d fc 6b ff e9
0x00000201d62d7984:   65 fb ff ff 48 83 fe 00 0f 84 7e fb ff ff 48 89
0x00000201d62d7994:   04 24 e8 65 ff 6b ff e9 70 fb ff ff e8 7b a5 6b
0x00000201d62d79a4:   ff 48 8b d2 e8 53 ae 6b ff e9 39 fc ff ff 8b 50
0x00000201d62d79b4:   0c 48 83 fa 00 0f 84 3a fc ff ff 48 89 14 24 e8
0x00000201d62d79c4:   38 fc 6b ff e9 2c fc ff ff 49 83 f9 00 0f 84 3d
0x00000201d62d79d4:   fc ff ff 48 89 04 24 e8 20 ff 6b ff e9 2f fc ff
0x00000201d62d79e4:   ff 8b 50 10 48 83 fa 00 0f 84 30 fc ff ff 48 89
0x00000201d62d79f4:   14 24 e8 05 fc 6b ff e9 22 fc ff ff 48 83 fa 00
0x00000201d62d7a04:   2f 84 44 fc ff ff 48 89 04 24 e8 ed fe 6b ff e9
0x00000201d62d7a14:   36 fc ff ff 49 ba 56 76 2d d6 01 02 00 00 4d 89
0x00000201d62d7a24:   97 58 03 00 00 e9 52 b5 60 ff 48 8b d2 e8 ca ad
0x00000201d62d7a34:   6b ff e9 88 fc ff ff 8b 70 0c 48 83 fe 00 0f 84
0x00000201d62d7a44:   89 fc ff ff 48 89 34 24 e8 af fb 6b ff e9 7b fc
0x00000201d62d7a54:   ff ff 49 83 f9 00 0f 84 8c fc ff ff 48 89 04 24
0x00000201d62d7a64:   e8 97 fe 6b ff e9 7e fc ff ff 8b 70 10 48 83 fe
0x00000201d62d7a74:   00 0f 84 7f fc ff ff 48 89 34 24 e8 7c fb 6b ff
0x00000201d62d7a84:   e9 71 fc ff ff 49 83 f8 00 0f 84 82 fc ff ff 48
0x00000201d62d7a94:   89 04 24 e8 64 fe 6b ff e9 74 fc ff ff 49 ba 1d
0x00000201d62d7aa4:   77 2d d6 01 02 00 00 4d 89 97 58 03 00 00 e9 c9
0x00000201d62d7ab4:   b4 60 ff 49 ba 3d 77 2d d6 01 02 00 00 4d 89 97
0x00000201d62d7ac4:   58 03 00 00 e9 b3 b4 60 ff e8 4e a4 6b ff e8 49
0x00000201d62d7ad4:   a4 6b ff 90 90 49 8b 87 d0 03 00 00 49 c7 87 d0
0x00000201d62d7ae4:   03 00 00 00 00 00 00 49 c7 87 d8 03 00 00 00 00
0x00000201d62d7af4:   00 00 48 81 c4 e0 00 00 00 5d e9 fd 94 6b ff f4 


Stack slot to memory mapping:
stack at sp + 0 slots: 0x00000000840e2488 is an oop: org.springframework.beans.factory.annotation.InjectionMetadata 
{0x00000000840e2488} - klass: 'org/springframework/beans/factory/annotation/InjectionMetadata'
 - ---- fields (total size 3 words):
 - private final 'targetClass' 'Ljava/lang/Class;' @12  a 'java/lang/Class'{0x0000000080f59bf8} = 'org/springframework/boot/autoconfigure/web/client/RestTemplateAutoConfiguration' (80f59bf8)
 - private final 'injectedElements' 'Ljava/util/Collection;' @16  a 'java/util/Collections$EmptyList'{0x000000008043c928} (8043c928)
 - private volatile 'checkedElements' 'Ljava/util/Set;' @20  NULL (0)
stack at sp + 1 slots: 0x00000201d59bc8d4 is at entry_point+84 in (nmethod*)0x00000201d59bc690
stack at sp + 2 slots: 0x000000f1f66fe300 is pointing into the stack for thread: 0x00000201d21e3110
stack at sp + 3 slots: 0x00000201e2dab258 is pointing into metadata
stack at sp + 4 slots: 0x0 is NULL
stack at sp + 5 slots: 0x00000000806d7aa0 is an oop: java.lang.Class 
{0x00000000806d7aa0} - klass: 'java/lang/Class'
 - ---- fields (total size 14 words):
 - private volatile transient 'classRedefinedCount' 'I' @12  0
 - private volatile transient 'cachedConstructor' 'Ljava/lang/reflect/Constructor;' @40  NULL (0)
 - private transient 'name' 'Ljava/lang/String;' @44  "org.springframework.beans.BeanWrapperImpl"{0x00000000806d7b10} (806d7b10)
 - private transient 'module' 'Ljava/lang/Module;' @48  a 'java/lang/Module'{0x0000000080400930} (80400930)
 - private final 'classLoader' 'Ljava/lang/ClassLoader;' @52  a 'jdk/internal/loader/ClassLoaders$AppClassLoader'{0x00000000803f95a0} (803f95a0)
 - private transient 'classData' 'Ljava/lang/Object;' @56  NULL (0)
 - private transient 'packageName' 'Ljava/lang/String;' @60  "org.springframework.beans"{0x00000000807a9860} (807a9860)
 - private final 'componentType' 'Ljava/lang/Class;' @64  NULL (0)
 - private volatile transient 'reflectionData' 'Ljava/lang/ref/SoftReference;' @68  NULL (0)
 - private volatile transient 'genericInfo' 'Lsun/reflect/generics/repository/ClassRepository;' @72  NULL (0)
 - private volatile transient 'enumConstants' '[Ljava/lang/Object;' @76  NULL (0)
 - private volatile transient 'enumConstantDirectory' 'Ljava/util/Map;' @80  NULL (0)
 - private volatile transient 'annotationData' 'Ljava/lang/Class$AnnotationData;' @84  NULL (0)
 - private volatile transient 'annotationType' 'Lsun/reflect/annotation/AnnotationType;' @88  NULL (0)
 - transient 'classValueMap' 'Ljava/lang/ClassValue$ClassValueMap;' @92  NULL (0)
 - signature: Lorg/springframework/beans/BeanWrapperImpl;
 - fake entry for mirror: 'org/springframework/beans/BeanWrapperImpl'
 - fake entry for array: NULL
 - fake entry for oop_size: 14
 - fake entry for static_oop_field_count: 0
stack at sp + 6 slots: {method} {0x00000201e2d97d90} 'setWrappedInstance' '(Ljava/lang/Object;Ljava/lang/String;Ljava/lang/Object;)V' in 'org/springframework/beans/BeanWrapperImpl'
stack at sp + 7 slots: 0x0 is NULL

--------------------------------------------------------------------------------
[Constant Pool (empty)]

--------------------------------------------------------------------------------

[MachCode]
  0x00000201d62d7000: 448b 5208 | 49c1 e203 | 4c3b d00f | 856f 5a60 | ff0f 1f84 | 0000 0000 | 000f 1f80 | 0000 0000 
  0x00000201d62d7020: 8984 2400 | 90ff ff55 | 4881 ece0 | 0000 0048 | 8994 24b0 | 0000 004c | 8984 24a8 | 0000 00bb 
  0x00000201d62d7040: 0200 0000 | 48ba a085 | 0500 0100 | 0000 4863 | db48 8bfb | 4881 fbff | ffff 000f | 87ea 0600 
  0x00000201d62d7060: 0048 be17 | 0000 0000 | 0000 0048 | 8d34 9e48 | 83e6 f849 | 8b87 0801 | 0000 488d | 3430 493b 
  0x00000201d62d7080: b718 0100 | 000f 87c0 | 0600 0049 | 89b7 0801 | 0000 482b | f048 c700 | 0100 0000 | 488b ca48 
  0x00000201d62d70a0: c1e9 0389 | 4808 8958 | 0c48 83ee | 100f 841a | 0000 0048 | 85f6 0f84 | 1100 0000 | 4833 db48 
  0x00000201d62d70c0: c1ee 0348 | 895c f008 | 48ff ce75 | f648 8bd8 | 48ba 78d0 | e580 0000 | 0000 4883 | fa00 0f84 
  0x00000201d62d70e0: 4600 0000 | 8b73 0848 | c1e6 038b | 7a08 48c1 | e703 488b | b6e0 0000 | 0048 3bfe | 0f84 2800 
  0x00000201d62d7100: 0000 8b46 | 1448 3b34 | 070f 841b | 0000 0083 | f820 0f85 | 4206 0000 | 5756 e8e1 | d76b ff5f 
  0x00000201d62d7120: 5e83 fe00 | 0f84 3006 | 0000 488d | 7310 410f | be7f 3883 | ff00 0f85 | 2706 0000 | 4c8b d244 
  0x00000201d62d7140: 8916 488b | fe48 33fa | 48c1 ef14 | 4883 ff00 | 0f85 2706 | 0000 48ba | 2815 f280 | 0000 0000 
  0x00000201d62d7160: 4883 fa00 | 0f84 4600 | 0000 8b73 | 0848 c1e6 | 038b 7a08 | 48c1 e703 | 488b b6e0 | 0000 0048 
  0x00000201d62d7180: 3bfe 0f84 | 2800 0000 | 8b46 1448 | 3b34 070f | 841b 0000 | 0083 f820 | 0f85 fc05 | 0000 5756 
  0x00000201d62d71a0: e85b d76b | ff5f 5e83 | fe00 0f84 | ea05 0000 | 488d 7314 | 410f be7f | 3883 ff00 | 0f85 e105 
  0x00000201d62d71c0: 0000 4c8b | d244 8916 | 488b fe48 | 33fa 48c1 | ef14 4883 | ff00 0f85 | e105 0000 | 48ba d8ac 
  0x00000201d62d71e0: 0100 0100 | 0000 498b | 8708 0100 | 0048 8d78 | 1849 3bbf | 1801 0000 | 0f87 d705 | 0000 4989 
  0x00000201d62d7200: bf08 0100 | 0048 c700 | 0100 0000 | 488b ca48 | c1e9 0389 | 4808 4833 | c989 480c | 4833 c948 
  0x00000201d62d7220: 8948 1041 | 0fbe 5738 | 83fa 000f | 85b1 0500 | 004c 8bd3 | 4489 5010 | 488b d048 | 33d3 48c1 
  0x00000201d62d7240: ea14 4883 | fa00 0f85 | b105 0000 | 498b d04c | 8bc0 0f1f | 4400 00e8 | 241c edff | 83f8 000f 
  0x00000201d62d7260: 84c6 0400 | 0048 baa0 | 3805 0001 | 0000 0049 | 8b87 0801 | 0000 488d | 7818 493b | bf18 0100 
  0x00000201d62d7280: 000f 878e | 0500 0049 | 89bf 0801 | 0000 48c7 | 0001 0000 | 0048 8bca | 48c1 e903 | 8948 0848 
  0x00000201d62d72a0: 33c9 8948 | 0c48 33c9 | 4889 4810 | 4889 8424 | d000 0000 | 48ba b0a2 | 4280 0000 | 0000 410f 
  0x00000201d62d72c0: be57 3883 | fa00 0f85 | 5605 0000 | 49ba b0a2 | 4280 0000 | 0000 4489 | 5014 48ba | b0a2 4280 
  0x00000201d62d72e0: 0000 0000 | 488b f048 | 33f2 48c1 | ee14 4883 | fe00 0f85 | 4505 0000 | 4c8b 8424 | a800 0000 
  0x00000201d62d7300: e923 0000 | 0066 6690 | 48ba e003 | 4080 0000 | 0000 4d8b | 9748 0300 | 0041 8502 | 483b da0f 
  0x00000201d62d7320: 844c 0200 | 004c 8bc3 | 4c89 8424 | c000 0000 | 48ba a038 | 0500 0100 | 0000 498b | 8708 0100 
  0x00000201d62d7340: 0048 8d78 | 1849 3bbf | 1801 0000 | 0f87 0305 | 0000 4989 | bf08 0100 | 0048 c700 | 0100 0000 
  0x00000201d62d7360: 488b ca48 | c1e9 0389 | 4808 4833 | c989 480c | 4833 c948 | 8948 1048 | 8984 24b8 | 0000 0048 
  0x00000201d62d7380: bab0 a242 | 8000 0000 | 0041 0fbe | 5738 83fa | 000f 85cb | 0400 0049 | bab0 a242 | 8000 0000 
  0x00000201d62d73a0: 0044 8950 | 1448 bab0 | a242 8000 | 0000 0048 | 8bf0 4833 | f248 c1ee | 1448 83fe | 000f 85ba 
  0x00000201d62d73c0: 0400 0048 | beb0 b63f | 8000 0000 | 0049 b808 | 16f2 8000 | 0000 0048 | 8bd6 4889 | b424 c800 
  0x00000201d62d73e0: 0000 0f1f | 4400 00e8 | 4c86 9eff | 410f be57 | 3883 fa00 | 0f85 9b04 | 0000 488b | 9424 b000 
  0x00000201d62d7400: 0000 4c8b | d244 8950 | 0c4c 8bc0 | 4c33 c249 | c1e8 1449 | 83f8 000f | 8598 0400 | 0045 0fbe 
  0x00000201d62d7420: 4738 4183 | f800 0f85 | a104 0000 | 488b b424 | b800 0000 | 4c8b d644 | 8950 104c | 8bc0 4c33 
  0x00000201d62d7440: c649 c1e8 | 1449 83f8 | 000f 859a | 0400 0048 | 8b94 24c0 | 0000 004c | 8bc0 0f1f | 4400 00e8 
  0x00000201d62d7460: 5c00 deff | 49b8 7816 | f280 0000 | 0000 488b | 9424 c800 | 0000 90e8 | bc85 9eff | 410f be57 
  0x00000201d62d7480: 3883 fa00 | 0f85 7704 | 0000 488b | 9424 b000 | 0000 4c8b | d244 8950 | 0c4c 8bc0 | 4c33 c249 
  0x00000201d62d74a0: c1e8 1449 | 83f8 000f | 8574 0400 | 0045 0fbe | 4738 4183 | f800 0f85 | 7d04 0000 | 4c8b 8424 
  0x00000201d62d74c0: a800 0000 | 4d8b d044 | 8950 1048 | 8bf0 4933 | f048 c1ee | 1448 83fe | 000f 8576 | 0400 0041 
  0x00000201d62d74e0: 0fbe 7738 | 83fe 000f | 8580 0400 | 0048 8bb4 | 24b8 0000 | 004c 8bd6 | 4489 5014 | 488b f848 
  0x00000201d62d7500: 33fe 48c1 | ef14 4883 | ff00 0f85 | 7804 0000 | 488b 9424 | c000 0000 | 4c8b c00f | 1f40 00e8 
  0x00000201d62d7520: 1cb1 d9ff | 41b8 0000 | 0000 4c8b | 8c24 b800 | 0000 488b | 9424 d000 | 0000 0f1f | 4400 00e8 
  0x00000201d62d7540: dc62 dbff | 4c8b 8424 | c000 0000 | 493b 0049 | 8bd0 4c89 | 8424 c000 | 0000 0f1f | 4400 00e8 
  0x00000201d62d7560: d40f 86ff | 488b d848 | 83fb 000f | 8597 fdff | ff4c 8b84 | 24d0 0000 | 0041 8b50 | 1083 fa00 
  0x00000201d62d7580: ba00 0000 | 000f 8505 | 0000 00ba | 0100 0000 | 83e2 0183 | fa00 0f84 | c800 0000 | 4c8b 8c24 
  0x00000201d62d75a0: a800 0000 | 48ba e87c | 4a00 0100 | 0000 498b | 8708 0100 | 0048 8d78 | 1849 3bbf | 1801 0000 
  0x00000201d62d75c0: 0f87 df03 | 0000 4989 | bf08 0100 | 0048 c700 | 0100 0000 | 488b ca48 | c1e9 0389 | 4808 4833 
  0x00000201d62d75e0: c989 480c | 4833 c948 | 8948 1041 | 0fbe 5738 | 83fa 000f | 85b9 0300 | 004d 8bd1 | 4489 500c 
  0x00000201d62d7600: 488b d049 | 33d1 48c1 | ea14 4883 | fa00 0f85 | b903 0000 | 410f be57 | 3883 fa00 | 0f85 c303 
  0x00000201d62d7620: 0000 49ba | 28c9 4380 | 0000 0000 | 4489 5010 | 48ba 28c9 | 4380 0000 | 0000 488b | f048 33f2 
  0x00000201d62d7640: 48c1 ee14 | 4883 fe00 | 0f85 b203 | 0000 4881 | c4e0 0000 | 005d 493b | a740 0300 | 000f 87b5 
  0x00000201d62d7660: 0300 00c3 | 4c8b ac24 | b800 0000 | 4c8b 8c24 | a800 0000 | 4c8b 9c24 | b000 0000 | 48ba e87c 
  0x00000201d62d7680: 4a00 0100 | 0000 498b | 8708 0100 | 0048 8d78 | 1849 3bbf | 1801 0000 | 0f87 9003 | 0000 4989 
  0x00000201d62d76a0: bf08 0100 | 0048 c700 | 0100 0000 | 488b ca48 | c1e9 0389 | 4808 4833 | c989 480c | 4833 c948 
  0x00000201d62d76c0: 8948 1041 | 0fbe 7738 | 83fe 000f | 856a 0300 | 004d 8bd1 | 4489 500c | 488b f049 | 33f1 48c1 
  0x00000201d62d76e0: ee14 4883 | fe00 0f85 | 6a03 0000 | 410f be77 | 3883 fe00 | 0f85 7403 | 0000 4d8b | d044 8950 
  0x00000201d62d7700: 1048 8bf0 | 4933 f048 | c1ee 1448 | 83fe 000f | 8574 0300 | 0048 81c4 | e000 0000 | 5d49 3ba7 
  0x00000201d62d7720: 4003 0000 | 0f87 7703 | 0000 c348 | b868 2af2 | 8000 0000 | 0048 81c4 | e000 0000 | 5d49 3ba7 
  0x00000201d62d7740: 4003 0000 | 0f87 6d03 | 0000 c3e8 | b0b9 6bff | e978 f9ff | ffe8 c6a7 | 6bff 4889 | 1424 e8bd 
  0x00000201d62d7760: c86b ff8b | 3e48 83ff | 000f 84cd | f9ff ff48 | 893c 24e8 | 88fe 6bff | e9bf f9ff | ff48 83fa 
  0x00000201d62d7780: 000f 84cf | f9ff ff48 | 8934 24e8 | 7001 6cff | e9c1 f9ff | ffe8 86a7 | 6bff 4889 | 1424 e87d 
  0x00000201d62d77a0: c86b ff8b | 3e48 83ff | 000f 8413 | faff ff48 | 893c 24e8 | 48fe 6bff | e905 faff | ff48 83fa 
  0x00000201d62d77c0: 000f 8415 | faff ff48 | 8934 24e8 | 3001 6cff | e907 faff | ff48 8bd2 | e823 b06b | ffe9 41fa 
  0x00000201d62d77e0: ffff 8b50 | 1048 83fa | 000f 8442 | faff ff48 | 8914 24e8 | 08fe 6bff | e934 faff | ff48 83fb 
  0x00000201d62d7800: 000f 8445 | faff ff48 | 8904 24e8 | f000 6cff | e937 faff | ff48 8bd2 | e8e3 af6b | ffe9 8afa 
  0x00000201d62d7820: ffff 8b50 | 1448 83fa | 000f 849d | faff ff48 | 8914 24e8 | c8fd 6bff | e98f faff | ff48 83fa 
  0x00000201d62d7840: 000f 84b1 | faff ff48 | 8904 24e8 | b000 6cff | e9a3 faff | ff48 8bd2 | e8a3 af6b | ffe9 15fb 
  0x00000201d62d7860: ffff 8b50 | 1448 83fa | 000f 8428 | fbff ff48 | 8914 24e8 | 88fd 6bff | e91a fbff | ff48 83fa 
  0x00000201d62d7880: 000f 843c | fbff ff48 | 8904 24e8 | 7000 6cff | e92e fbff | ff8b 500c | 4883 fa00 | 0f84 58fb 
  0x00000201d62d78a0: ffff 4889 | 1424 e855 | fd6b ffe9 | 4afb ffff | e86b a66b | ff48 83fa | 000f 845e | fbff ff48 
  0x00000201d62d78c0: 8904 24e8 | 3800 6cff | e950 fbff | ff44 8b40 | 1049 83f8 | 000f 8451 | fbff ff4c | 8904 24e8 
  0x00000201d62d78e0: 1cfd 6bff | e943 fbff | ff48 83fe | 000f 845c | fbff ff48 | 8904 24e8 | 0400 6cff | e94e fbff 
  0x00000201d62d7900: ff8b 500c | 4883 fa00 | 0f84 7cfb | ffff 4889 | 1424 e8e9 | fc6b ffe9 | 6efb ffff | e8ff a56b 
  0x00000201d62d7920: ff48 83fa | 000f 8482 | fbff ff48 | 8904 24e8 | ccff 6bff | e974 fbff | ff44 8b40 | 1049 83f8 
  0x00000201d62d7940: 000f 8475 | fbff ff4c | 8904 24e8 | b0fc 6bff | e967 fbff | ff49 83f8 | 000f 8480 | fbff ff48 
  0x00000201d62d7960: 8904 24e8 | 98ff 6bff | e972 fbff | ff8b 7014 | 4883 fe00 | 0f84 73fb | ffff 4889 | 3424 e87d 
  0x00000201d62d7980: fc6b ffe9 | 65fb ffff | 4883 fe00 | 0f84 7efb | ffff 4889 | 0424 e865 | ff6b ffe9 | 70fb ffff 
  0x00000201d62d79a0: e87b a56b | ff48 8bd2 | e853 ae6b | ffe9 39fc | ffff 8b50 | 0c48 83fa | 000f 843a | fcff ff48 
  0x00000201d62d79c0: 8914 24e8 | 38fc 6bff | e92c fcff | ff49 83f9 | 000f 843d | fcff ff48 | 8904 24e8 | 20ff 6bff 
  0x00000201d62d79e0: e92f fcff | ff8b 5010 | 4883 fa00 | 0f84 30fc | ffff 4889 | 1424 e805 | fc6b ffe9 | 22fc ffff 
  0x00000201d62d7a00: 4883 fa00 | 2f84 44fc | ffff 4889 | 0424 e8ed | fe6b ffe9 | 36fc ffff | 49ba 5676 | 2dd6 0102 
  0x00000201d62d7a20: 0000 4d89 | 9758 0300 | 00e9 52b5 | 60ff 488b | d2e8 caad | 6bff e988 | fcff ff8b | 700c 4883 
  0x00000201d62d7a40: fe00 0f84 | 89fc ffff | 4889 3424 | e8af fb6b | ffe9 7bfc | ffff 4983 | f900 0f84 | 8cfc ffff 
  0x00000201d62d7a60: 4889 0424 | e897 fe6b | ffe9 7efc | ffff 8b70 | 1048 83fe | 000f 847f | fcff ff48 | 8934 24e8 
  0x00000201d62d7a80: 7cfb 6bff | e971 fcff | ff49 83f8 | 000f 8482 | fcff ff48 | 8904 24e8 | 64fe 6bff | e974 fcff 
  0x00000201d62d7aa0: ff49 ba1d | 772d d601 | 0200 004d | 8997 5803 | 0000 e9c9 | b460 ff49 | ba3d 772d | d601 0200 
  0x00000201d62d7ac0: 004d 8997 | 5803 0000 | e9b3 b460 | ffe8 4ea4 | 6bff e849 | a46b ff90 | 9049 8b87 | d003 0000 
  0x00000201d62d7ae0: 49c7 87d0 | 0300 0000 | 0000 0049 | c787 d803 | 0000 0000 | 0000 4881 | c4e0 0000 | 005d e9fd 
  0x00000201d62d7b00: 946b fff4 | f4f4 f4f4 | f4f4 f4f4 | f4f4 f4f4 | f4f4 f4f4 | f4f4 f4f4 | f4f4 f4f4 | f4f4 f4f4 
  0x00000201d62d7b20: 0f1f 4400 | 0048 bb00 | 0000 0000 | 0000 00e9 | fbff ffff | 9048 bb00 | 0000 0000 | 0000 00e9 
  0x00000201d62d7b40: fbff ffff | 9048 bb00 | 0000 0000 | 0000 00e9 | fbff ffff | 9048 bb00 | 0000 0000 | 0000 00e9 
  0x00000201d62d7b60: fbff ffff | 9048 bb00 | 0000 0000 | 0000 00e9 | fbff ffff | 9048 bb00 | 0000 0000 | 0000 00e9 
  0x00000201d62d7b80: fbff ffff | 9048 bb00 | 0000 0000 | 0000 00e9 | fbff ffff | e867 c16b | ff48 b9a8 | 5646 56fa 
  0x00000201d62d7ba0: 7f00 0048 | 83e4 f049 | ba40 af0e | 56fa 7f00 | 0041 ffd2 | f449 bab5 | 7b2d d601 | 0200 0041 
  0x00000201d62d7bc0: 52e9 daaa | 60ff f4f4 
[/MachCode]
--------------------------------------------------------------------------------


---------------  P R O C E S S  ---------------

Threads class SMR info:
_java_thread_list=0x00000201e430f7d0, length=27, elements={
0x00000201d21e3110, 0x00000201df359fb0, 0x00000201df35af60, 0x00000201df39ab70,
0x00000201df39c440, 0x00000201df39cdf0, 0x00000201df39d7a0, 0x00000201df39e150,
0x00000201dfd6a2c0, 0x00000201df2f1e10, 0x00000201dff18960, 0x00000201dff1ba30,
0x00000201dff1d340, 0x00000201dff95c90, 0x00000201e07a0fa0, 0x00000201e0982010,
0x00000201e095bf60, 0x00000201e0962e10, 0x00000201e0ae9960, 0x00000201e0c5e580,
0x00000201e0c5ea50, 0x00000201e183d410, 0x00000201e1848960, 0x00000201e1848e30,
0x00000201e1849300, 0x00000201e184b4b0, 0x00000201e184a640
}

Java Threads: ( => current thread )
=>0x00000201d21e3110 JavaThread "main" [_thread_in_Java, id=1596, stack(0x000000f1f6600000,0x000000f1f6700000)]
  0x00000201df359fb0 JavaThread "Reference Handler" daemon [_thread_blocked, id=6012, stack(0x000000f1f6d00000,0x000000f1f6e00000)]
  0x00000201df35af60 JavaThread "Finalizer" daemon [_thread_blocked, id=2956, stack(0x000000f1f6e00000,0x000000f1f6f00000)]
  0x00000201df39ab70 JavaThread "Signal Dispatcher" daemon [_thread_blocked, id=8476, stack(0x000000f1f6f00000,0x000000f1f7000000)]
  0x00000201df39c440 JavaThread "Attach Listener" daemon [_thread_blocked, id=6908, stack(0x000000f1f7000000,0x000000f1f7100000)]
  0x00000201df39cdf0 JavaThread "Service Thread" daemon [_thread_blocked, id=4324, stack(0x000000f1f7100000,0x000000f1f7200000)]
  0x00000201df39d7a0 JavaThread "Monitor Deflation Thread" daemon [_thread_blocked, id=8, stack(0x000000f1f7200000,0x000000f1f7300000)]
  0x00000201df39e150 JavaThread "C1 CompilerThread0" daemon [_thread_blocked, id=5672, stack(0x000000f1f7300000,0x000000f1f7400000)]
  0x00000201dfd6a2c0 JavaThread "Sweeper thread" daemon [_thread_blocked, id=2832, stack(0x000000f1f7400000,0x000000f1f7500000)]
  0x00000201df2f1e10 JavaThread "Common-Cleaner" daemon [_thread_blocked, id=1336, stack(0x000000f1f7500000,0x000000f1f7600000)]
  0x00000201dff18960 JavaThread "JDWP Transport Listener: dt_socket" daemon [_thread_blocked, id=6648, stack(0x000000f1f7600000,0x000000f1f7700000)]
  0x00000201dff1ba30 JavaThread "JDWP Event Helper Thread" daemon [_thread_blocked, id=7576, stack(0x000000f1f7700000,0x000000f1f7800000)]
  0x00000201dff1d340 JavaThread "JDWP Command Reader" daemon [_thread_in_native, id=4236, stack(0x000000f1f7800000,0x000000f1f7900000)]
  0x00000201dff95c90 JavaThread "C1 CompilerThread1" daemon [_thread_blocked, id=7220, stack(0x000000f1f7900000,0x000000f1f7a00000)]
  0x00000201e07a0fa0 JavaThread "Notification Thread" daemon [_thread_blocked, id=8008, stack(0x000000f1f7b00000,0x000000f1f7c00000)]
  0x00000201e0982010 JavaThread "RMI TCP Accept-0" daemon [_thread_in_native, id=9828, stack(0x000000f1f7c00000,0x000000f1f7d00000)]
  0x00000201e095bf60 JavaThread "RMI TCP Accept-63663" daemon [_thread_in_native, id=8764, stack(0x000000f1f7d00000,0x000000f1f7e00000)]
  0x00000201e0962e10 JavaThread "RMI TCP Accept-0" daemon [_thread_in_native, id=9692, stack(0x000000f1f7e00000,0x000000f1f7f00000)]
  0x00000201e0ae9960 JavaThread "RMI TCP Connection(1)-127.0.0.1" daemon [_thread_in_native, id=9172, stack(0x000000f1f8000000,0x000000f1f8100000)]
  0x00000201e0c5e580 JavaThread "RMI TCP Connection(2)-127.0.0.1" daemon [_thread_in_native, id=4828, stack(0x000000f1f8100000,0x000000f1f8200000)]
  0x00000201e0c5ea50 JavaThread "RMI Scheduler(0)" daemon [_thread_blocked, id=8500, stack(0x000000f1f8200000,0x000000f1f8300000)]
  0x00000201e183d410 JavaThread "JMX server connection timeout 23" daemon [_thread_blocked, id=4024, stack(0x000000f1f8300000,0x000000f1f8400000)]
  0x00000201e1848960 JavaThread "HikariPool-1 housekeeper" daemon [_thread_blocked, id=8208, stack(0x000000f1f8400000,0x000000f1f8500000)]
  0x00000201e1848e30 JavaThread "HikariPool-1 connection adder" daemon [_thread_blocked, id=7572, stack(0x000000f1f8500000,0x000000f1f8600000)]
  0x00000201e1849300 JavaThread "Catalina-utility-1" [_thread_blocked, id=5940, stack(0x000000f1f8600000,0x000000f1f8700000)]
  0x00000201e184b4b0 JavaThread "Catalina-utility-2" [_thread_blocked, id=6440, stack(0x000000f1f8700000,0x000000f1f8800000)]
  0x00000201e184a640 JavaThread "container-0" [_thread_blocked, id=8732, stack(0x000000f1f8800000,0x000000f1f8900000)]

Other Threads:
  0x00000201df3568f0 VMThread "VM Thread" [stack: 0x000000f1f6c00000,0x000000f1f6d00000] [id=4028]
  0x00000201d21e42d0 WatcherThread [stack: 0x000000f1f7f00000,0x000000f1f8000000] [id=1532]
  0x00000201d223c7d0 GCTaskThread "GC Thread#0" [stack: 0x000000f1f6700000,0x000000f1f6800000] [id=4352]
  0x00000201e05fdb70 GCTaskThread "GC Thread#1" [stack: 0x000000f1f7a00000,0x000000f1f7b00000] [id=5576]
  0x00000201d224d710 ConcurrentGCThread "G1 Main Marker" [stack: 0x000000f1f6800000,0x000000f1f6900000] [id=6020]
  0x00000201d224ea00 ConcurrentGCThread "G1 Conc#0" [stack: 0x000000f1f6900000,0x000000f1f6a00000] [id=4152]
  0x00000201d229ca20 ConcurrentGCThread "G1 Refine#0" [stack: 0x000000f1f6a00000,0x000000f1f6b00000] [id=1340]
  0x00000201d229d440 ConcurrentGCThread "G1 Service" [stack: 0x000000f1f6b00000,0x000000f1f6c00000] [id=8088]

Threads with active compile tasks:

VM state: not at safepoint (normal execution)

VM Mutex/Monitor currently owned by a thread: None

Heap address: 0x0000000080000000, size: 2048 MB, Compressed Oops mode: 32-bit

CDS archive(s) not mapped
Compressed class space mapped at: 0x0000000100000000-0x0000000140000000, reserved size: 1073741824
Narrow klass base: 0x0000000000000000, Narrow klass shift: 3, Narrow klass range: 0x140000000

GC Precious Log:
 CPUs: 2 total, 2 available
 Memory: 8189M
 Large Page Support: Disabled
 NUMA Support: Disabled
 Compressed Oops: Enabled (32-bit)
 Heap Region Size: 1M
 Heap Min Capacity: 8M
 Heap Initial Capacity: 128M
 Heap Max Capacity: 2G
 Pre-touch: Disabled
 Parallel Workers: 2
 Concurrent Workers: 1
 Concurrent Refinement Workers: 2
 Periodic GC: Disabled

Heap:
 garbage-first heap   total 96256K, used 54943K [0x0000000080000000, 0x0000000100000000)
  region size 1024K, 35 young (35840K), 5 survivors (5120K)
 Metaspace       used 65098K, committed 65472K, reserved 1105920K
  class space    used 8723K, committed 8896K, reserved 1048576K

Heap Regions: E=young(eden), S=young(survivor), O=old, HS=humongous(starts), HC=humongous(continues), CS=collection set, F=free, OA=open archive, CA=closed archive, TAMS=top-at-mark-start (previous, next)
|   0|0x0000000080000000, 0x0000000080100000, 0x0000000080100000|100%|HS|  |TAMS 0x0000000080100000, 0x0000000080000000| Complete 
|   1|0x0000000080100000, 0x0000000080200000, 0x0000000080200000|100%| O|  |TAMS 0x0000000080200000, 0x0000000080100000| Untracked 
|   2|0x0000000080200000, 0x0000000080300000, 0x0000000080300000|100%| O|  |TAMS 0x0000000080300000, 0x0000000080200000| Untracked 
|   3|0x0000000080300000, 0x0000000080400000, 0x0000000080400000|100%| O|  |TAMS 0x0000000080400000, 0x0000000080300000| Untracked 
|   4|0x0000000080400000, 0x0000000080500000, 0x0000000080500000|100%| O|  |TAMS 0x0000000080500000, 0x0000000080400000| Untracked 
|   5|0x0000000080500000, 0x0000000080600000, 0x0000000080600000|100%| O|  |TAMS 0x0000000080600000, 0x0000000080500000| Untracked 
|   6|0x0000000080600000, 0x0000000080700000, 0x0000000080700000|100%| O|  |TAMS 0x0000000080700000, 0x0000000080600000| Untracked 
|   7|0x0000000080700000, 0x0000000080800000, 0x0000000080800000|100%| O|  |TAMS 0x0000000080800000, 0x0000000080700000| Untracked 
|   8|0x0000000080800000, 0x0000000080900000, 0x0000000080900000|100%| O|  |TAMS 0x0000000080900000, 0x0000000080800000| Untracked 
|   9|0x0000000080900000, 0x0000000080a00000, 0x0000000080a00000|100%| O|  |TAMS 0x0000000080a00000, 0x0000000080900000| Untracked 
|  10|0x0000000080a00000, 0x0000000080b00000, 0x0000000080b00000|100%| O|  |TAMS 0x0000000080b00000, 0x0000000080a00000| Untracked 
|  11|0x0000000080b00000, 0x0000000080c00000, 0x0000000080c00000|100%| O|  |TAMS 0x0000000080c00000, 0x0000000080b00000| Untracked 
|  12|0x0000000080c00000, 0x0000000080d00000, 0x0000000080d00000|100%| O|  |TAMS 0x0000000080d00000, 0x0000000080c00000| Untracked 
|  13|0x0000000080d00000, 0x0000000080e00000, 0x0000000080e00000|100%| O|  |TAMS 0x0000000080e00000, 0x0000000080d00000| Untracked 
|  14|0x0000000080e00000, 0x0000000080f00000, 0x0000000080f00000|100%| O|  |TAMS 0x0000000080f00000, 0x0000000080e00000| Untracked 
|  15|0x0000000080f00000, 0x0000000081000000, 0x0000000081000000|100%| O|  |TAMS 0x0000000081000000, 0x0000000080f00000| Untracked 
|  16|0x0000000081000000, 0x0000000081100000, 0x0000000081100000|100%| O|  |TAMS 0x0000000081100000, 0x0000000081000000| Untracked 
|  17|0x0000000081100000, 0x0000000081200000, 0x0000000081200000|100%| O|  |TAMS 0x0000000081200000, 0x0000000081100000| Untracked 
|  18|0x0000000081200000, 0x0000000081239200, 0x0000000081300000| 22%| O|  |TAMS 0x0000000081239200, 0x0000000081200000| Untracked 
|  19|0x0000000081300000, 0x0000000081400000, 0x0000000081400000|100%| O|  |TAMS 0x0000000081300000, 0x0000000081300000| Untracked 
|  20|0x0000000081400000, 0x000000008146ea00, 0x0000000081500000| 43%| O|  |TAMS 0x0000000081400000, 0x0000000081400000| Untracked 
|  21|0x0000000081500000, 0x0000000081500000, 0x0000000081600000|  0%| F|  |TAMS 0x0000000081500000, 0x0000000081500000| Untracked 
|  22|0x0000000081600000, 0x0000000081600000, 0x0000000081700000|  0%| F|  |TAMS 0x0000000081600000, 0x0000000081600000| Untracked 
|  23|0x0000000081700000, 0x0000000081700000, 0x0000000081800000|  0%| F|  |TAMS 0x0000000081700000, 0x0000000081700000| Untracked 
|  24|0x0000000081800000, 0x0000000081800000, 0x0000000081900000|  0%| F|  |TAMS 0x0000000081800000, 0x0000000081800000| Untracked 
|  25|0x0000000081900000, 0x0000000081900000, 0x0000000081a00000|  0%| F|  |TAMS 0x0000000081900000, 0x0000000081900000| Untracked 
|  26|0x0000000081a00000, 0x0000000081a00000, 0x0000000081b00000|  0%| F|  |TAMS 0x0000000081a00000, 0x0000000081a00000| Untracked 
|  27|0x0000000081b00000, 0x0000000081b00000, 0x0000000081c00000|  0%| F|  |TAMS 0x0000000081b00000, 0x0000000081b00000| Untracked 
|  28|0x0000000081c00000, 0x0000000081c00000, 0x0000000081d00000|  0%| F|  |TAMS 0x0000000081c00000, 0x0000000081c00000| Untracked 
|  29|0x0000000081d00000, 0x0000000081d00000, 0x0000000081e00000|  0%| F|  |TAMS 0x0000000081d00000, 0x0000000081d00000| Untracked 
|  30|0x0000000081e00000, 0x0000000081e00000, 0x0000000081f00000|  0%| F|  |TAMS 0x0000000081e00000, 0x0000000081e00000| Untracked 
|  31|0x0000000081f00000, 0x0000000081f00000, 0x0000000082000000|  0%| F|  |TAMS 0x0000000081f00000, 0x0000000081f00000| Untracked 
|  32|0x0000000082000000, 0x0000000082000000, 0x0000000082100000|  0%| F|  |TAMS 0x0000000082000000, 0x0000000082000000| Untracked 
|  33|0x0000000082100000, 0x0000000082200000, 0x0000000082200000|100%| S|CS|TAMS 0x0000000082100000, 0x0000000082100000| Complete 
|  34|0x0000000082200000, 0x0000000082300000, 0x0000000082300000|100%| S|CS|TAMS 0x0000000082200000, 0x0000000082200000| Complete 
|  35|0x0000000082300000, 0x0000000082400000, 0x0000000082400000|100%| S|CS|TAMS 0x0000000082300000, 0x0000000082300000| Complete 
|  36|0x0000000082400000, 0x0000000082500000, 0x0000000082500000|100%| S|CS|TAMS 0x0000000082400000, 0x0000000082400000| Complete 
|  37|0x0000000082500000, 0x0000000082600000, 0x0000000082600000|100%| S|CS|TAMS 0x0000000082500000, 0x0000000082500000| Complete 
|  38|0x0000000082600000, 0x0000000082600000, 0x0000000082700000|  0%| F|  |TAMS 0x0000000082600000, 0x0000000082600000| Untracked 
|  39|0x0000000082700000, 0x0000000082700000, 0x0000000082800000|  0%| F|  |TAMS 0x0000000082700000, 0x0000000082700000| Untracked 
|  40|0x0000000082800000, 0x0000000082800000, 0x0000000082900000|  0%| F|  |TAMS 0x0000000082800000, 0x0000000082800000| Untracked 
|  41|0x0000000082900000, 0x0000000082900000, 0x0000000082a00000|  0%| F|  |TAMS 0x0000000082900000, 0x0000000082900000| Untracked 
|  42|0x0000000082a00000, 0x0000000082a00000, 0x0000000082b00000|  0%| F|  |TAMS 0x0000000082a00000, 0x0000000082a00000| Untracked 
|  43|0x0000000082b00000, 0x0000000082b00000, 0x0000000082c00000|  0%| F|  |TAMS 0x0000000082b00000, 0x0000000082b00000| Untracked 
|  44|0x0000000082c00000, 0x0000000082c00000, 0x0000000082d00000|  0%| F|  |TAMS 0x0000000082c00000, 0x0000000082c00000| Untracked 
|  45|0x0000000082d00000, 0x0000000082d00000, 0x0000000082e00000|  0%| F|  |TAMS 0x0000000082d00000, 0x0000000082d00000| Untracked 
|  46|0x0000000082e00000, 0x0000000082e00000, 0x0000000082f00000|  0%| F|  |TAMS 0x0000000082e00000, 0x0000000082e00000| Untracked 
|  47|0x0000000082f00000, 0x0000000082f00000, 0x0000000083000000|  0%| F|  |TAMS 0x0000000082f00000, 0x0000000082f00000| Untracked 
|  48|0x0000000083000000, 0x0000000083000000, 0x0000000083100000|  0%| F|  |TAMS 0x0000000083000000, 0x0000000083000000| Untracked 
|  49|0x0000000083100000, 0x0000000083100000, 0x0000000083200000|  0%| F|  |TAMS 0x0000000083100000, 0x0000000083100000| Untracked 
|  50|0x0000000083200000, 0x0000000083200000, 0x0000000083300000|  0%| F|  |TAMS 0x0000000083200000, 0x0000000083200000| Untracked 
|  51|0x0000000083300000, 0x0000000083300000, 0x0000000083400000|  0%| F|  |TAMS 0x0000000083300000, 0x0000000083300000| Untracked 
|  52|0x0000000083400000, 0x0000000083400000, 0x0000000083500000|  0%| F|  |TAMS 0x0000000083400000, 0x0000000083400000| Untracked 
|  53|0x0000000083500000, 0x0000000083500000, 0x0000000083600000|  0%| F|  |TAMS 0x0000000083500000, 0x0000000083500000| Untracked 
|  54|0x0000000083600000, 0x0000000083600000, 0x0000000083700000|  0%| F|  |TAMS 0x0000000083600000, 0x0000000083600000| Untracked 
|  55|0x0000000083700000, 0x0000000083700000, 0x0000000083800000|  0%| F|  |TAMS 0x0000000083700000, 0x0000000083700000| Untracked 
|  56|0x0000000083800000, 0x0000000083800000, 0x0000000083900000|  0%| F|  |TAMS 0x0000000083800000, 0x0000000083800000| Untracked 
|  57|0x0000000083900000, 0x0000000083900000, 0x0000000083a00000|  0%| F|  |TAMS 0x0000000083900000, 0x0000000083900000| Untracked 
|  58|0x0000000083a00000, 0x0000000083a00000, 0x0000000083b00000|  0%| F|  |TAMS 0x0000000083a00000, 0x0000000083a00000| Untracked 
|  59|0x0000000083b00000, 0x0000000083b00000, 0x0000000083c00000|  0%| F|  |TAMS 0x0000000083b00000, 0x0000000083b00000| Untracked 
|  60|0x0000000083c00000, 0x0000000083c00000, 0x0000000083d00000|  0%| F|  |TAMS 0x0000000083c00000, 0x0000000083c00000| Untracked 
|  61|0x0000000083d00000, 0x0000000083d00000, 0x0000000083e00000|  0%| F|  |TAMS 0x0000000083d00000, 0x0000000083d00000| Untracked 
|  62|0x0000000083e00000, 0x0000000083e00000, 0x0000000083f00000|  0%| F|  |TAMS 0x0000000083e00000, 0x0000000083e00000| Untracked 
|  63|0x0000000083f00000, 0x0000000083f00000, 0x0000000084000000|  0%| F|  |TAMS 0x0000000083f00000, 0x0000000083f00000| Untracked 
|  64|0x0000000084000000, 0x0000000084100000, 0x0000000084100000|100%| E|  |TAMS 0x0000000084000000, 0x0000000084000000| Complete 
|  65|0x0000000084100000, 0x0000000084200000, 0x0000000084200000|100%| E|CS|TAMS 0x0000000084100000, 0x0000000084100000| Complete 
|  66|0x0000000084200000, 0x0000000084300000, 0x0000000084300000|100%| E|CS|TAMS 0x0000000084200000, 0x0000000084200000| Complete 
|  67|0x0000000084300000, 0x0000000084400000, 0x0000000084400000|100%| E|CS|TAMS 0x0000000084300000, 0x0000000084300000| Complete 
|  68|0x0000000084400000, 0x0000000084500000, 0x0000000084500000|100%| E|CS|TAMS 0x0000000084400000, 0x0000000084400000| Complete 
|  69|0x0000000084500000, 0x0000000084600000, 0x0000000084600000|100%| E|CS|TAMS 0x0000000084500000, 0x0000000084500000| Complete 
|  70|0x0000000084600000, 0x0000000084700000, 0x0000000084700000|100%| E|CS|TAMS 0x0000000084600000, 0x0000000084600000| Complete 
|  71|0x0000000084700000, 0x0000000084800000, 0x0000000084800000|100%| E|CS|TAMS 0x0000000084700000, 0x0000000084700000| Complete 
|  72|0x0000000084800000, 0x0000000084900000, 0x0000000084900000|100%| E|CS|TAMS 0x0000000084800000, 0x0000000084800000| Complete 
|  73|0x0000000084900000, 0x0000000084a00000, 0x0000000084a00000|100%| E|CS|TAMS 0x0000000084900000, 0x0000000084900000| Complete 
|  74|0x0000000084a00000, 0x0000000084b00000, 0x0000000084b00000|100%| E|CS|TAMS 0x0000000084a00000, 0x0000000084a00000| Complete 
|  75|0x0000000084b00000, 0x0000000084c00000, 0x0000000084c00000|100%| E|CS|TAMS 0x0000000084b00000, 0x0000000084b00000| Complete 
|  76|0x0000000084c00000, 0x0000000084d00000, 0x0000000084d00000|100%| E|CS|TAMS 0x0000000084c00000, 0x0000000084c00000| Complete 
|  77|0x0000000084d00000, 0x0000000084e00000, 0x0000000084e00000|100%| E|CS|TAMS 0x0000000084d00000, 0x0000000084d00000| Complete 
|  78|0x0000000084e00000, 0x0000000084f00000, 0x0000000084f00000|100%| E|CS|TAMS 0x0000000084e00000, 0x0000000084e00000| Complete 
|  79|0x0000000084f00000, 0x0000000085000000, 0x0000000085000000|100%| E|CS|TAMS 0x0000000084f00000, 0x0000000084f00000| Complete 
|  80|0x0000000085000000, 0x0000000085100000, 0x0000000085100000|100%| E|CS|TAMS 0x0000000085000000, 0x0000000085000000| Complete 
|  81|0x0000000085100000, 0x0000000085200000, 0x0000000085200000|100%| E|CS|TAMS 0x0000000085100000, 0x0000000085100000| Complete 
|  82|0x0000000085200000, 0x0000000085300000, 0x0000000085300000|100%| E|CS|TAMS 0x0000000085200000, 0x0000000085200000| Complete 
|  83|0x0000000085300000, 0x0000000085400000, 0x0000000085400000|100%| E|CS|TAMS 0x0000000085300000, 0x0000000085300000| Complete 
|  84|0x0000000085400000, 0x0000000085500000, 0x0000000085500000|100%| E|CS|TAMS 0x0000000085400000, 0x0000000085400000| Complete 
| 112|0x0000000087000000, 0x0000000087100000, 0x0000000087100000|100%| E|CS|TAMS 0x0000000087000000, 0x0000000087000000| Complete 
| 113|0x0000000087100000, 0x0000000087200000, 0x0000000087200000|100%| E|CS|TAMS 0x0000000087100000, 0x0000000087100000| Complete 
| 114|0x0000000087200000, 0x0000000087300000, 0x0000000087300000|100%| E|CS|TAMS 0x0000000087200000, 0x0000000087200000| Complete 
| 115|0x0000000087300000, 0x0000000087400000, 0x0000000087400000|100%| E|CS|TAMS 0x0000000087300000, 0x0000000087300000| Complete 
| 116|0x0000000087400000, 0x0000000087500000, 0x0000000087500000|100%| E|CS|TAMS 0x0000000087400000, 0x0000000087400000| Complete 
| 121|0x0000000087900000, 0x0000000087a00000, 0x0000000087a00000|100%| E|CS|TAMS 0x0000000087900000, 0x0000000087900000| Complete 
| 122|0x0000000087a00000, 0x0000000087b00000, 0x0000000087b00000|100%| E|CS|TAMS 0x0000000087a00000, 0x0000000087a00000| Complete 
| 123|0x0000000087b00000, 0x0000000087c00000, 0x0000000087c00000|100%| E|CS|TAMS 0x0000000087b00000, 0x0000000087b00000| Complete 
| 127|0x0000000087f00000, 0x0000000088000000, 0x0000000088000000|100%| E|CS|TAMS 0x0000000087f00000, 0x0000000087f00000| Complete 

Card table byte_map: [0x00000201d8890000,0x00000201d8c90000] _byte_map_base: 0x00000201d8490000

Marking Bits (Prev, Next): (CMBitMap*) 0x00000201d223cde0, (CMBitMap*) 0x00000201d223ce20
 Prev Bits: [0x00000201d9090000, 0x00000201db090000)
 Next Bits: [0x00000201db090000, 0x00000201dd090000)

Polling page: 0x00000201d0070000

Metaspace:

Usage:
  Non-class:     55.05 MB used.
      Class:      8.52 MB used.
       Both:     63.57 MB used.

Virtual space:
  Non-class space:       56.00 MB reserved,      55.25 MB ( 99%) committed,  7 nodes.
      Class space:        1.00 GB reserved,       8.69 MB ( <1%) committed,  1 nodes.
             Both:        1.05 GB reserved,      63.94 MB (  6%) committed. 

Chunk freelists:
   Non-Class:  608.00 KB
       Class:  3.26 MB
        Both:  3.85 MB

MaxMetaspaceSize: unlimited
CompressedClassSpaceSize: 1.00 GB
Initial GC threshold: 21.00 MB
Current GC threshold: 104.31 MB
CDS: off
MetaspaceReclaimPolicy: balanced
 - commit_granule_bytes: 65536.
 - commit_granule_words: 8192.
 - virtual_space_node_default_size: 1048576.
 - enlarge_chunks_in_place: 1.
 - new_chunks_are_fully_committed: 0.
 - uncommit_free_chunks: 1.
 - use_allocation_guard: 0.
 - handle_deallocations: 1.


Internal statistics:

num_allocs_failed_limit: 12.
num_arena_births: 496.
num_arena_deaths: 0.
num_vsnodes_births: 8.
num_vsnodes_deaths: 0.
num_space_committed: 1023.
num_space_uncommitted: 0.
num_chunks_returned_to_freelist: 12.
num_chunks_taken_from_freelist: 2517.
num_chunk_merges: 12.
num_chunk_splits: 1813.
num_chunks_enlarged: 1430.
num_purges: 0.
num_inconsistent_stats: 0.

CodeCache: size=49152Kb used=10554Kb max_used=10554Kb free=38597Kb
 bounds [0x00000201d5890000, 0x00000201d62e0000, 0x00000201d8890000]
 total_blobs=5777 nmethods=5168 adapters=536
 compilation: enabled
              stopped_count=0, restarted_count=0
 full_count=0

Compilation events (20 events):
Event: 10.581 Thread 0x00000201dff95c90 nmethod 5159 0x00000201d62d8110 code [0x00000201d62d8320, 0x00000201d62d8688]
Event: 10.581 Thread 0x00000201df39e150 nmethod 5158 0x00000201d62d8a90 code [0x00000201d62d8ce0, 0x00000201d62d95c8]
Event: 10.581 Thread 0x00000201dff95c90 5160   !   1       org.springframework.aop.framework.autoproxy.AbstractAdvisorAutoProxyCreator::findAdvisorsThatCanApply (27 bytes)
Event: 10.582 Thread 0x00000201df39e150 5161       1       org.springframework.aop.support.AopUtils::findAdvisorsThatCanApply (155 bytes)
Event: 10.582 Thread 0x00000201dff95c90 nmethod 5160 0x00000201d62d9a10 code [0x00000201d62d9c00, 0x00000201d62da038]
Event: 10.583 Thread 0x00000201df39e150 nmethod 5161 0x00000201d62da490 code [0x00000201d62da700, 0x00000201d62dafa8]
Event: 10.583 Thread 0x00000201dff95c90 5163       1       org.springframework.aop.aspectj.AspectJProxyUtils::makeAdvisorChainAspectJCapableIfNecessary (82 bytes)
Event: 10.583 Thread 0x00000201df39e150 5162       1       org.springframework.aop.aspectj.autoproxy.AspectJAwareAdvisorAutoProxyCreator::extendAdvisors (6 bytes)
Event: 10.583 Thread 0x00000201df39e150 nmethod 5162 0x00000201d62db490 code [0x00000201d62db620, 0x00000201d62db708]
Event: 10.583 Thread 0x00000201dff95c90 nmethod 5163 0x00000201d62db790 code [0x00000201d62db980, 0x00000201d62dbc48]
Event: 10.585 Thread 0x00000201dff95c90 5164       1       org.springframework.boot.web.server.WebServerFactoryCustomizerBeanPostProcessor::postProcessAfterInitialization (2 bytes)
Event: 10.585 Thread 0x00000201df39e150 5165       1       org.springframework.boot.web.server.ErrorPageRegistrarBeanPostProcessor::postProcessAfterInitialization (2 bytes)
Event: 10.585 Thread 0x00000201dff95c90 nmethod 5164 0x00000201d62dbe10 code [0x00000201d62dbfa0, 0x00000201d62dc078]
Event: 10.585 Thread 0x00000201df39e150 nmethod 5165 0x00000201d62dc110 code [0x00000201d62dc2a0, 0x00000201d62dc378]
Event: 10.585 Thread 0x00000201dff95c90 5166       1       org.springframework.boot.autoconfigure.orm.jpa.DataSourceInitializedPublisher::postProcessAfterInitialization (79 bytes)
Event: 10.585 Thread 0x00000201df39e150 5167       1       org.springframework.data.web.config.ProjectingArgumentResolverRegistrar$ProjectingArgumentResolverBeanPostProcessor::postProcessAfterInitialization (96 bytes)
Event: 10.585 Thread 0x00000201dff95c90 nmethod 5166 0x00000201d62dc410 code [0x00000201d62dc5e0, 0x00000201d62dca38]
Event: 10.586 Thread 0x00000201dff95c90 5168       1       org.springframework.beans.factory.support.AbstractAutowireCapableBeanFactory::resolveBeforeInstantiation (83 bytes)
Event: 10.586 Thread 0x00000201df39e150 nmethod 5167 0x00000201d62dcc10 code [0x00000201d62dcee0, 0x00000201d62ddb08]
Event: 10.587 Thread 0x00000201dff95c90 nmethod 5168 0x00000201d62de190 code [0x00000201d62de380, 0x00000201d62de768]

GC Heap History (20 events):
Event: 5.474 GC heap before
{Heap before GC invocations=11 (full 0):
 garbage-first heap   total 88064K, used 60228K [0x0000000080000000, 0x0000000100000000)
  region size 1024K, 50 young (51200K), 4 survivors (4096K)
 Metaspace       used 35810K, committed 36160K, reserved 1081344K
  class space    used 4488K, committed 4672K, reserved 1048576K
}
Event: 5.486 GC heap after
{Heap after GC invocations=12 (full 0):
 garbage-first heap   total 88064K, used 15656K [0x0000000080000000, 0x0000000100000000)
  region size 1024K, 5 young (5120K), 5 survivors (5120K)
 Metaspace       used 35810K, committed 36160K, reserved 1081344K
  class space    used 4488K, committed 4672K, reserved 1048576K
}
Event: 5.915 GC heap before
{Heap before GC invocations=13 (full 0):
 garbage-first heap   total 58368K, used 45352K [0x0000000080000000, 0x0000000100000000)
  region size 1024K, 34 young (34816K), 5 survivors (5120K)
 Metaspace       used 38414K, committed 38720K, reserved 1089536K
  class space    used 4864K, committed 4992K, reserved 1048576K
}
Event: 5.931 GC heap after
{Heap after GC invocations=14 (full 0):
 garbage-first heap   total 58368K, used 17672K [0x0000000080000000, 0x0000000100000000)
  region size 1024K, 4 young (4096K), 4 survivors (4096K)
 Metaspace       used 38414K, committed 38720K, reserved 1089536K
  class space    used 4864K, committed 4992K, reserved 1048576K
}
Event: 5.959 GC heap before
{Heap before GC invocations=14 (full 0):
 garbage-first heap   total 58368K, used 18696K [0x0000000080000000, 0x0000000100000000)
  region size 1024K, 5 young (5120K), 4 survivors (4096K)
 Metaspace       used 38543K, committed 38848K, reserved 1089536K
  class space    used 4878K, committed 4992K, reserved 1048576K
}
Event: 5.968 GC heap after
{Heap after GC invocations=15 (full 0):
 garbage-first heap   total 70656K, used 17794K [0x0000000080000000, 0x0000000100000000)
  region size 1024K, 1 young (1024K), 1 survivors (1024K)
 Metaspace       used 38543K, committed 38848K, reserved 1089536K
  class space    used 4878K, committed 4992K, reserved 1048576K
}
Event: 6.561 GC heap before
{Heap before GC invocations=15 (full 0):
 garbage-first heap   total 70656K, used 55682K [0x0000000080000000, 0x0000000100000000)
  region size 1024K, 38 young (38912K), 1 survivors (1024K)
 Metaspace       used 41722K, committed 42048K, reserved 1089536K
  class space    used 5211K, committed 5376K, reserved 1048576K
}
Event: 6.569 GC heap after
{Heap after GC invocations=16 (full 0):
 garbage-first heap   total 70656K, used 18755K [0x0000000080000000, 0x0000000100000000)
  region size 1024K, 2 young (2048K), 2 survivors (2048K)
 Metaspace       used 41722K, committed 42048K, reserved 1089536K
  class space    used 5211K, committed 5376K, reserved 1048576K
}
Event: 7.037 GC heap before
{Heap before GC invocations=16 (full 0):
 garbage-first heap   total 70656K, used 55619K [0x0000000080000000, 0x0000000100000000)
  region size 1024K, 38 young (38912K), 2 survivors (2048K)
 Metaspace       used 45374K, committed 45760K, reserved 1089536K
  class space    used 5641K, committed 5824K, reserved 1048576K
}
Event: 7.045 GC heap after
{Heap after GC invocations=17 (full 0):
 garbage-first heap   total 70656K, used 19585K [0x0000000080000000, 0x0000000100000000)
  region size 1024K, 3 young (3072K), 3 survivors (3072K)
 Metaspace       used 45374K, committed 45760K, reserved 1089536K
  class space    used 5641K, committed 5824K, reserved 1048576K
}
Event: 7.634 GC heap before
{Heap before GC invocations=17 (full 0):
 garbage-first heap   total 70656K, used 56449K [0x0000000080000000, 0x0000000100000000)
  region size 1024K, 39 young (39936K), 3 survivors (3072K)
 Metaspace       used 48969K, committed 49344K, reserved 1097728K
  class space    used 6313K, committed 6464K, reserved 1048576K
}
Event: 7.642 GC heap after
{Heap after GC invocations=18 (full 0):
 garbage-first heap   total 70656K, used 20083K [0x0000000080000000, 0x0000000100000000)
  region size 1024K, 3 young (3072K), 3 survivors (3072K)
 Metaspace       used 48969K, committed 49344K, reserved 1097728K
  class space    used 6313K, committed 6464K, reserved 1048576K
}
Event: 8.114 GC heap before
{Heap before GC invocations=18 (full 0):
 garbage-first heap   total 70656K, used 57971K [0x0000000080000000, 0x0000000100000000)
  region size 1024K, 40 young (40960K), 3 survivors (3072K)
 Metaspace       used 52876K, committed 53248K, reserved 1097728K
  class space    used 6849K, committed 6976K, reserved 1048576K
}
Event: 8.124 GC heap after
{Heap after GC invocations=19 (full 0):
 garbage-first heap   total 128000K, used 21200K [0x0000000080000000, 0x0000000100000000)
  region size 1024K, 3 young (3072K), 3 survivors (3072K)
 Metaspace       used 52876K, committed 53248K, reserved 1097728K
  class space    used 6849K, committed 6976K, reserved 1048576K
}
Event: 9.241 GC heap before
{Heap before GC invocations=19 (full 0):
 garbage-first heap   total 128000K, used 94928K [0x0000000080000000, 0x0000000100000000)
  region size 1024K, 75 young (76800K), 3 survivors (3072K)
 Metaspace       used 59189K, committed 59584K, reserved 1105920K
  class space    used 7852K, committed 8064K, reserved 1048576K
}
Event: 9.256 GC heap after
{Heap after GC invocations=20 (full 0):
 garbage-first heap   total 128000K, used 23212K [0x0000000080000000, 0x0000000100000000)
  region size 1024K, 5 young (5120K), 5 survivors (5120K)
 Metaspace       used 59189K, committed 59584K, reserved 1105920K
  class space    used 7852K, committed 8064K, reserved 1048576K
}
Event: 9.344 GC heap before
{Heap before GC invocations=20 (full 0):
 garbage-first heap   total 128000K, used 30380K [0x0000000080000000, 0x0000000100000000)
  region size 1024K, 13 young (13312K), 5 survivors (5120K)
 Metaspace       used 60059K, committed 60416K, reserved 1105920K
  class space    used 7937K, committed 8128K, reserved 1048576K
}
Event: 9.357 GC heap after
{Heap after GC invocations=21 (full 0):
 garbage-first heap   total 128000K, used 23509K [0x0000000080000000, 0x0000000100000000)
  region size 1024K, 5 young (5120K), 5 survivors (5120K)
 Metaspace       used 60059K, committed 60416K, reserved 1105920K
  class space    used 7937K, committed 8128K, reserved 1048576K
}
Event: 10.120 GC heap before
{Heap before GC invocations=22 (full 0):
 garbage-first heap   total 96256K, used 75733K [0x0000000080000000, 0x0000000100000000)
  region size 1024K, 56 young (57344K), 5 survivors (5120K)
 Metaspace       used 63447K, committed 63872K, reserved 1105920K
  class space    used 8494K, committed 8704K, reserved 1048576K
}
Event: 10.138 GC heap after
{Heap after GC invocations=23 (full 0):
 garbage-first heap   total 96256K, used 25247K [0x0000000080000000, 0x0000000100000000)
  region size 1024K, 5 young (5120K), 5 survivors (5120K)
 Metaspace       used 63447K, committed 63872K, reserved 1105920K
  class space    used 8494K, committed 8704K, reserved 1048576K
}

Dll operation events (10 events):
Event: 0.041 Loaded shared library C:\Sts\sts-4.17.1.RELEASE\plugins\org.eclipse.justj.openjdk.hotspot.jre.full.win32.x86_64_17.0.5.v20221102-0933\jre\bin\java.dll
Event: 0.615 Loaded shared library C:\Sts\sts-4.17.1.RELEASE\plugins\org.eclipse.justj.openjdk.hotspot.jre.full.win32.x86_64_17.0.5.v20221102-0933\jre\bin\zip.dll
Event: 0.619 Loaded shared library C:\Sts\sts-4.17.1.RELEASE\plugins\org.eclipse.justj.openjdk.hotspot.jre.full.win32.x86_64_17.0.5.v20221102-0933\jre\bin\instrument.dll
Event: 0.644 Loaded shared library C:\Sts\sts-4.17.1.RELEASE\plugins\org.eclipse.justj.openjdk.hotspot.jre.full.win32.x86_64_17.0.5.v20221102-0933\jre\bin\net.dll
Event: 0.646 Loaded shared library C:\Sts\sts-4.17.1.RELEASE\plugins\org.eclipse.justj.openjdk.hotspot.jre.full.win32.x86_64_17.0.5.v20221102-0933\jre\bin\nio.dll
Event: 0.656 Loaded shared library C:\Sts\sts-4.17.1.RELEASE\plugins\org.eclipse.justj.openjdk.hotspot.jre.full.win32.x86_64_17.0.5.v20221102-0933\jre\bin\zip.dll
Event: 0.936 Loaded shared library C:\Sts\sts-4.17.1.RELEASE\plugins\org.eclipse.justj.openjdk.hotspot.jre.full.win32.x86_64_17.0.5.v20221102-0933\jre\bin\jimage.dll
Event: 1.134 Loaded shared library C:\Sts\sts-4.17.1.RELEASE\plugins\org.eclipse.justj.openjdk.hotspot.jre.full.win32.x86_64_17.0.5.v20221102-0933\jre\bin\management.dll
Event: 1.150 Loaded shared library C:\Sts\sts-4.17.1.RELEASE\plugins\org.eclipse.justj.openjdk.hotspot.jre.full.win32.x86_64_17.0.5.v20221102-0933\jre\bin\management_ext.dll
Event: 1.562 Loaded shared library C:\Sts\sts-4.17.1.RELEASE\plugins\org.eclipse.justj.openjdk.hotspot.jre.full.win32.x86_64_17.0.5.v20221102-0933\jre\bin\verify.dll

Deoptimization events (20 events):
Event: 10.584 Thread 0x00000201d21e3110 DEOPT PACKING pc=0x00000201d5e9df34 sp=0x000000f1f66fde50
Event: 10.584 Thread 0x00000201d21e3110 DEOPT UNPACKING pc=0x00000201d58e2b43 sp=0x000000f1f66fd3b0 mode 1
Event: 10.584 Thread 0x00000201d21e3110 DEOPT PACKING pc=0x00000201d605b35c sp=0x000000f1f66fdf70
Event: 10.584 Thread 0x00000201d21e3110 DEOPT UNPACKING pc=0x00000201d58e2b43 sp=0x000000f1f66fd430 mode 1
Event: 10.584 Thread 0x00000201d21e3110 DEOPT PACKING pc=0x00000201d5e9df34 sp=0x000000f1f66fde50
Event: 10.584 Thread 0x00000201d21e3110 DEOPT UNPACKING pc=0x00000201d58e2b43 sp=0x000000f1f66fd3b0 mode 1
Event: 10.584 Thread 0x00000201d21e3110 DEOPT PACKING pc=0x00000201d605b35c sp=0x000000f1f66fdf70
Event: 10.584 Thread 0x00000201d21e3110 DEOPT UNPACKING pc=0x00000201d58e2b43 sp=0x000000f1f66fd430 mode 1
Event: 10.584 Thread 0x00000201d21e3110 DEOPT PACKING pc=0x00000201d5e9df34 sp=0x000000f1f66fd9c0
Event: 10.584 Thread 0x00000201d21e3110 DEOPT UNPACKING pc=0x00000201d58e2b43 sp=0x000000f1f66fcf20 mode 1
Event: 10.584 Thread 0x00000201d21e3110 DEOPT PACKING pc=0x00000201d605b35c sp=0x000000f1f66fdae0
Event: 10.584 Thread 0x00000201d21e3110 DEOPT UNPACKING pc=0x00000201d58e2b43 sp=0x000000f1f66fcfa0 mode 1
Event: 10.585 Thread 0x00000201d21e3110 DEOPT PACKING pc=0x00000201d5e9df34 sp=0x000000f1f66fd9c0
Event: 10.585 Thread 0x00000201d21e3110 DEOPT UNPACKING pc=0x00000201d58e2b43 sp=0x000000f1f66fcf20 mode 1
Event: 10.585 Thread 0x00000201d21e3110 DEOPT PACKING pc=0x00000201d605b35c sp=0x000000f1f66fdae0
Event: 10.585 Thread 0x00000201d21e3110 DEOPT UNPACKING pc=0x00000201d58e2b43 sp=0x000000f1f66fcfa0 mode 1
Event: 10.586 Thread 0x00000201d21e3110 DEOPT PACKING pc=0x00000201d5e9df34 sp=0x000000f1f66fe250
Event: 10.586 Thread 0x00000201d21e3110 DEOPT UNPACKING pc=0x00000201d58e2b43 sp=0x000000f1f66fd7c8 mode 1
Event: 10.586 Thread 0x00000201d21e3110 DEOPT PACKING pc=0x00000201d5e9df34 sp=0x000000f1f66fe250
Event: 10.586 Thread 0x00000201d21e3110 DEOPT UNPACKING pc=0x00000201d58e2b43 sp=0x000000f1f66fd7c8 mode 1

Classes unloaded (0 events):
No events

Classes redefined (0 events):
No events

Internal exceptions (20 events):
Event: 9.484 Thread 0x00000201d21e3110 Exception <a 'java/lang/ClassNotFoundException'{0x00000000850ed748}: java/lang/ObjectCustomizer> (0x00000000850ed748) 
thrown [s\src\hotspot\share\classfile\systemDictionary.cpp, line 256]
Event: 9.484 Thread 0x00000201d21e3110 Exception <a 'java/lang/ClassNotFoundException'{0x00000000850f4e40}: com/lrcs/models/EventCustomizer> (0x00000000850f4e40) 
thrown [s\src\hotspot\share\classfile\systemDictionary.cpp, line 256]
Event: 9.521 Thread 0x00000201d21e3110 Exception <a 'java/lang/IncompatibleClassChangeError'{0x0000000084e90180}: Found class java.lang.Object, but interface was expected> (0x0000000084e90180) 
thrown [s\src\hotspot\share\interpreter\linkResolver.cpp, line 826]
Event: 9.689 Thread 0x00000201d21e3110 Exception <a 'java/lang/ClassNotFoundException'{0x0000000084173e10}: java/lang/ObjectCustomizer> (0x0000000084173e10) 
thrown [s\src\hotspot\share\classfile\systemDictionary.cpp, line 256]
Event: 9.690 Thread 0x00000201d21e3110 Exception <a 'java/lang/ClassNotFoundException'{0x000000008417bc80}: org/springframework/security/config/annotation/web/configuration/WebSecurityConfigurationCustomizer> (0x000000008417bc80) 
thrown [s\src\hotspot\share\classfile\systemDictionary.cpp, line 256]
Event: 9.691 Thread 0x00000201d21e3110 Exception <a 'java/lang/ClassNotFoundException'{0x000000008418a680}: org/springframework/context/annotation/ImportAwareCustomizer> (0x000000008418a680) 
thrown [s\src\hotspot\share\classfile\systemDictionary.cpp, line 256]
Event: 9.691 Thread 0x00000201d21e3110 Exception <a 'java/lang/ClassNotFoundException'{0x000000008418f3b0}: org/springframework/beans/factory/AwareCustomizer> (0x000000008418f3b0) 
thrown [s\src\hotspot\share\classfile\systemDictionary.cpp, line 256]
Event: 9.692 Thread 0x00000201d21e3110 Exception <a 'java/lang/ClassNotFoundException'{0x0000000084193560}: org/springframework/beans/factory/BeanClassLoaderAwareCustomizer> (0x0000000084193560) 
thrown [s\src\hotspot\share\classfile\systemDictionary.cpp, line 256]
Event: 9.692 Thread 0x00000201d21e3110 Exception <a 'java/lang/ClassNotFoundException'{0x0000000084198270}: org/springframework/beans/factory/AwareCustomizer> (0x0000000084198270) 
thrown [s\src\hotspot\share\classfile\systemDictionary.cpp, line 256]
Event: 9.974 Thread 0x00000201d21e3110 Exception <a 'java/lang/ClassNotFoundException'{0x0000000082cc7838}: java/lang/ObjectCustomizer> (0x0000000082cc7838) 
thrown [s\src\hotspot\share\classfile\systemDictionary.cpp, line 256]
Event: 9.977 Thread 0x00000201d21e3110 Exception <a 'java/lang/ClassNotFoundException'{0x0000000082ccf6a8}: org/springframework/security/config/annotation/web/configuration/HttpSecurityConfigurationCustomizer> (0x0000000082ccf6a8) 
thrown [s\src\hotspot\share\classfile\systemDictionary.cpp, line 256]
Event: 10.004 Thread 0x00000201d21e3110 Exception <a 'java/lang/NoSuchMethodError'{0x0000000082b86628}: 'java.lang.Object java.lang.invoke.DirectMethodHandle$Holder.invokeInterface(java.lang.Object, java.lang.Object, java.lang.Object, java.lang.Object)'> (0x0000000082b86628) 
thrown [s\src\hotspot\share\interpreter\linkResolver.cpp, line 759]
Event: 10.243 Thread 0x00000201d21e3110 Exception <a 'java/lang/NoSuchMethodError'{0x00000000873d2268}: 'void java.lang.invoke.DirectMethodHandle$Holder.invokeVirtual(java.lang.Object, java.lang.Object, int)'> (0x00000000873d2268) 
thrown [s\src\hotspot\share\interpreter\linkResolver.cpp, line 759]
Event: 10.245 Thread 0x00000201d21e3110 Exception <a 'java/lang/NoSuchMethodError'{0x00000000873ed9d0}: 'void java.lang.invoke.DirectMethodHandle$Holder.invokeVirtual(java.lang.Object, java.lang.Object, long)'> (0x00000000873ed9d0) 
thrown [s\src\hotspot\share\interpreter\linkResolver.cpp, line 759]
Event: 10.423 Thread 0x00000201d21e3110 Exception <a 'java/lang/IncompatibleClassChangeError'{0x0000000084c56b88}: Found class java.lang.Object, but interface was expected> (0x0000000084c56b88) 
thrown [s\src\hotspot\share\interpreter\linkResolver.cpp, line 826]
Event: 10.451 Thread 0x00000201d21e3110 Exception <a 'java/lang/NoSuchMethodError'{0x0000000084a43800}: 'int java.lang.invoke.DirectMethodHandle$Holder.invokeStaticInit(java.lang.Object, java.lang.Object, java.lang.Object, java.lang.Object)'> (0x0000000084a43800) 
thrown [s\src\hotspot\share\interpreter\linkResolver.cpp, line 759]
Event: 10.488 Thread 0x00000201d21e3110 Exception <a 'java/lang/ClassNotFoundException'{0x00000000849fc920}: java/lang/ObjectCustomizer> (0x00000000849fc920) 
thrown [s\src\hotspot\share\classfile\systemDictionary.cpp, line 256]
Event: 10.489 Thread 0x00000201d21e3110 Exception <a 'java/lang/ClassNotFoundException'{0x00000000848037e0}: com/lrcs/models/RoleCustomizer> (0x00000000848037e0) 
thrown [s\src\hotspot\share\classfile\systemDictionary.cpp, line 256]
Event: 10.517 Thread 0x00000201d21e3110 Exception <a 'java/lang/ClassNotFoundException'{0x0000000084517180}: java/lang/ObjectCustomizer> (0x0000000084517180) 
thrown [s\src\hotspot\share\classfile\systemDictionary.cpp, line 256]
Event: 10.518 Thread 0x00000201d21e3110 Exception <a 'java/lang/ClassNotFoundException'{0x000000008451e010}: com/lrcs/models/UserCustomizer> (0x000000008451e010) 
thrown [s\src\hotspot\share\classfile\systemDictionary.cpp, line 256]

VM Operations (20 events):
Event: 9.407 Executing VM operation: G1Concurrent
Event: 9.413 Executing VM operation: G1Concurrent done
Event: 9.431 Executing VM operation: G1Concurrent
Event: 9.431 Executing VM operation: G1Concurrent done
Event: 9.568 Executing VM operation: HandshakeAllThreads
Event: 9.568 Executing VM operation: HandshakeAllThreads done
Event: 9.674 Executing VM operation: HandshakeAllThreads
Event: 9.674 Executing VM operation: HandshakeAllThreads done
Event: 10.120 Executing VM operation: G1CollectForAllocation
Event: 10.141 Executing VM operation: G1CollectForAllocation done
Event: 10.190 Executing VM operation: G1Concurrent
Event: 10.195 Executing VM operation: G1Concurrent done
Event: 10.215 Executing VM operation: G1Concurrent
Event: 10.215 Executing VM operation: G1Concurrent done
Event: 10.288 Executing VM operation: HandshakeAllThreads
Event: 10.288 Executing VM operation: HandshakeAllThreads done
Event: 10.372 Executing VM operation: HandshakeAllThreads
Event: 10.372 Executing VM operation: HandshakeAllThreads done
Event: 10.373 Executing VM operation: HandshakeAllThreads
Event: 10.373 Executing VM operation: HandshakeAllThreads done

Events (20 events):
Event: 10.201 loading class java/util/concurrent/ConcurrentHashMap$TreeBin
Event: 10.201 loading class java/util/concurrent/ConcurrentHashMap$TreeBin done
Event: 10.305 loading class java/nio/charset/UnsupportedCharsetException
Event: 10.305 loading class java/nio/charset/UnsupportedCharsetException done
Event: 10.330 loading class java/util/stream/ReduceOps$5
Event: 10.330 loading class java/util/stream/ReduceOps$5 done
Event: 10.330 loading class java/util/stream/ReduceOps$CountingSink$OfRef
Event: 10.330 loading class java/util/stream/ReduceOps$CountingSink
Event: 10.331 loading class java/util/stream/ReduceOps$CountingSink done
Event: 10.331 loading class java/util/stream/ReduceOps$CountingSink$OfRef done
Event: 10.362 loading class java/util/Comparators$NullComparator
Event: 10.362 loading class java/util/Comparators$NullComparator done
Event: 10.488 loading class java/lang/ObjectCustomizer
Event: 10.488 loading class java/lang/ObjectCustomizer done
Event: 10.488 loading class java/lang/ObjectCustomizer
Event: 10.488 loading class java/lang/ObjectCustomizer done
Event: 10.517 loading class java/lang/ObjectCustomizer
Event: 10.517 loading class java/lang/ObjectCustomizer done
Event: 10.517 loading class java/lang/ObjectCustomizer
Event: 10.517 loading class java/lang/ObjectCustomizer done


Dynamic libraries:
0x00007ff6fca50000 - 0x00007ff6fca5e000 	C:\Sts\sts-4.17.1.RELEASE\plugins\org.eclipse.justj.openjdk.hotspot.jre.full.win32.x86_64_17.0.5.v20221102-0933\jre\bin\javaw.exe
0x00007ffaa2470000 - 0x00007ffaa2668000 	C:\Windows\SYSTEM32\ntdll.dll
0x00007ffa7d450000 - 0x00007ffa7d467000 	C:\Program Files\Avast Software\Avast\aswhook.dll
0x00007ffaa09f0000 - 0x00007ffaa0aaf000 	C:\Windows\System32\KERNEL32.DLL
0x00007ffa9fbb0000 - 0x00007ffa9fe82000 	C:\Windows\System32\KERNELBASE.dll
0x00007ffaa0080000 - 0x00007ffaa0180000 	C:\Windows\System32\ucrtbase.dll
0x00007ffa55ac0000 - 0x00007ffa55ad7000 	C:\Sts\sts-4.17.1.RELEASE\plugins\org.eclipse.justj.openjdk.hotspot.jre.full.win32.x86_64_17.0.5.v20221102-0933\jre\bin\jli.dll
0x00007ffaa0ab0000 - 0x00007ffaa0c51000 	C:\Windows\System32\USER32.dll
0x00007ffaa0050000 - 0x00007ffaa0072000 	C:\Windows\System32\win32u.dll
0x00007ffaa09c0000 - 0x00007ffaa09eb000 	C:\Windows\System32\GDI32.dll
0x00007ffa9fe90000 - 0x00007ffa9ff9f000 	C:\Windows\System32\gdi32full.dll
0x00007ffaa0310000 - 0x00007ffaa03ad000 	C:\Windows\System32\msvcp_win.dll
0x00007ffa55b20000 - 0x00007ffa55b39000 	C:\Sts\sts-4.17.1.RELEASE\plugins\org.eclipse.justj.openjdk.hotspot.jre.full.win32.x86_64_17.0.5.v20221102-0933\jre\bin\VCRUNTIME140.dll
0x00007ffa942a0000 - 0x00007ffa9453a000 	C:\Windows\WinSxS\amd64_microsoft.windows.common-controls_6595b64144ccf1df_6.0.19041.1110_none_60b5254171f9507e\COMCTL32.dll
0x00007ffaa1e80000 - 0x00007ffaa1f1e000 	C:\Windows\System32\msvcrt.dll
0x00007ffaa0d10000 - 0x00007ffaa0d42000 	C:\Windows\System32\IMM32.DLL
0x00007ffa82bb0000 - 0x00007ffa82bbc000 	C:\Sts\sts-4.17.1.RELEASE\plugins\org.eclipse.justj.openjdk.hotspot.jre.full.win32.x86_64_17.0.5.v20221102-0933\jre\bin\vcruntime140_1.dll
0x00007ffa7a180000 - 0x00007ffa7a211000 	C:\Sts\sts-4.17.1.RELEASE\plugins\org.eclipse.justj.openjdk.hotspot.jre.full.win32.x86_64_17.0.5.v20221102-0933\jre\bin\msvcp140.dll
0x00007ffa55b40000 - 0x00007ffa56784000 	C:\Sts\sts-4.17.1.RELEASE\plugins\org.eclipse.justj.openjdk.hotspot.jre.full.win32.x86_64_17.0.5.v20221102-0933\jre\bin\server\jvm.dll
0x00007ffaa0df0000 - 0x00007ffaa0e9e000 	C:\Windows\System32\ADVAPI32.dll
0x00007ffaa0d50000 - 0x00007ffaa0dec000 	C:\Windows\System32\sechost.dll
0x00007ffaa1860000 - 0x00007ffaa1985000 	C:\Windows\System32\RPCRT4.dll
0x00007ffa92890000 - 0x00007ffa92899000 	C:\Windows\SYSTEM32\WSOCK32.dll
0x00007ffaa0530000 - 0x00007ffaa059b000 	C:\Windows\System32\WS2_32.dll
0x00007ffa984d0000 - 0x00007ffa984f7000 	C:\Windows\SYSTEM32\WINMM.dll
0x00007ffa98350000 - 0x00007ffa9835a000 	C:\Windows\SYSTEM32\VERSION.dll
0x00007ffa9da40000 - 0x00007ffa9da52000 	C:\Windows\SYSTEM32\kernel.appcore.dll
0x00007ffa68680000 - 0x00007ffa6868a000 	C:\Sts\sts-4.17.1.RELEASE\plugins\org.eclipse.justj.openjdk.hotspot.jre.full.win32.x86_64_17.0.5.v20221102-0933\jre\bin\jimage.dll
0x00007ffa95960000 - 0x00007ffa95b44000 	C:\Windows\SYSTEM32\DBGHELP.DLL
0x00007ffa98410000 - 0x00007ffa98445000 	C:\Windows\SYSTEM32\dbgcore.DLL
0x00007ffaa0420000 - 0x00007ffaa04a2000 	C:\Windows\System32\bcryptPrimitives.dll
0x00007ffa9b600000 - 0x00007ffa9b63b000 	C:\Sts\sts-4.17.1.RELEASE\plugins\org.eclipse.justj.openjdk.hotspot.jre.full.win32.x86_64_17.0.5.v20221102-0933\jre\bin\jdwp.dll
0x00007ffa55b10000 - 0x00007ffa55b1e000 	C:\Sts\sts-4.17.1.RELEASE\plugins\org.eclipse.justj.openjdk.hotspot.jre.full.win32.x86_64_17.0.5.v20221102-0933\jre\bin\instrument.dll
0x00007ffa55ae0000 - 0x00007ffa55b05000 	C:\Sts\sts-4.17.1.RELEASE\plugins\org.eclipse.justj.openjdk.hotspot.jre.full.win32.x86_64_17.0.5.v20221102-0933\jre\bin\java.dll
0x00007ffa55aa0000 - 0x00007ffa55ab8000 	C:\Sts\sts-4.17.1.RELEASE\plugins\org.eclipse.justj.openjdk.hotspot.jre.full.win32.x86_64_17.0.5.v20221102-0933\jre\bin\zip.dll
0x00007ffaa0ea0000 - 0x00007ffaa15e4000 	C:\Windows\System32\SHELL32.dll
0x00007ffa9dc40000 - 0x00007ffa9e3d2000 	C:\Windows\SYSTEM32\windows.storage.dll
0x00007ffaa20d0000 - 0x00007ffaa2425000 	C:\Windows\System32\combase.dll
0x00007ffa9f4e0000 - 0x00007ffa9f510000 	C:\Windows\SYSTEM32\Wldp.dll
0x00007ffaa0c60000 - 0x00007ffaa0d0d000 	C:\Windows\System32\SHCORE.dll
0x00007ffaa15f0000 - 0x00007ffaa1645000 	C:\Windows\System32\shlwapi.dll
0x00007ffa9faa0000 - 0x00007ffa9fabf000 	C:\Windows\SYSTEM32\profapi.dll
0x00007ffa9d2c0000 - 0x00007ffa9d2cc000 	C:\Sts\sts-4.17.1.RELEASE\plugins\org.eclipse.justj.openjdk.hotspot.jre.full.win32.x86_64_17.0.5.v20221102-0933\jre\bin\dt_socket.dll
0x00007ffa9ef30000 - 0x00007ffa9ef6b000 	C:\Windows\SYSTEM32\IPHLPAPI.DLL
0x00007ffa9f240000 - 0x00007ffa9f2aa000 	C:\Windows\system32\mswsock.dll
0x00007ffa9ef70000 - 0x00007ffa9f03a000 	C:\Windows\SYSTEM32\DNSAPI.dll
0x00007ffaa1850000 - 0x00007ffaa1858000 	C:\Windows\System32\NSI.dll
0x00007ffa94a10000 - 0x00007ffa94a1a000 	C:\Windows\System32\rasadhlp.dll
0x00007ffa94890000 - 0x00007ffa94910000 	C:\Windows\System32\fwpuclnt.dll
0x00007ffaa02e0000 - 0x00007ffaa0307000 	C:\Windows\System32\bcrypt.dll
0x00007ffa55a80000 - 0x00007ffa55a99000 	C:\Sts\sts-4.17.1.RELEASE\plugins\org.eclipse.justj.openjdk.hotspot.jre.full.win32.x86_64_17.0.5.v20221102-0933\jre\bin\net.dll
0x00007ffa96070000 - 0x00007ffa9617c000 	C:\Windows\SYSTEM32\WINHTTP.dll
0x00007ffa55a60000 - 0x00007ffa55a75000 	C:\Sts\sts-4.17.1.RELEASE\plugins\org.eclipse.justj.openjdk.hotspot.jre.full.win32.x86_64_17.0.5.v20221102-0933\jre\bin\nio.dll
0x00007ffa99720000 - 0x00007ffa99729000 	C:\Sts\sts-4.17.1.RELEASE\plugins\org.eclipse.justj.openjdk.hotspot.jre.full.win32.x86_64_17.0.5.v20221102-0933\jre\bin\management.dll
0x00007ffa99710000 - 0x00007ffa9971b000 	C:\Sts\sts-4.17.1.RELEASE\plugins\org.eclipse.justj.openjdk.hotspot.jre.full.win32.x86_64_17.0.5.v20221102-0933\jre\bin\management_ext.dll
0x00007ffaa19a0000 - 0x00007ffaa19a8000 	C:\Windows\System32\PSAPI.DLL
0x00007ffa8bf00000 - 0x00007ffa8bf17000 	C:\Windows\system32\napinsp.dll
0x00007ffa8bf20000 - 0x00007ffa8bf3b000 	C:\Windows\system32\pnrpnsp.dll
0x00007ffa8ce70000 - 0x00007ffa8ce85000 	C:\Windows\system32\wshbth.dll
0x00007ffa9b570000 - 0x00007ffa9b58d000 	C:\Windows\system32\NLAapi.dll
0x00007ffa8ce90000 - 0x00007ffa8cea2000 	C:\Windows\System32\winrnr.dll
0x00007ffa9f430000 - 0x00007ffa9f448000 	C:\Windows\SYSTEM32\CRYPTSP.dll
0x00007ffa9eb60000 - 0x00007ffa9eb94000 	C:\Windows\system32\rsaenh.dll
0x00007ffa9fa20000 - 0x00007ffa9fa4e000 	C:\Windows\SYSTEM32\USERENV.dll
0x00007ffa9f450000 - 0x00007ffa9f45c000 	C:\Windows\SYSTEM32\CRYPTBASE.dll
0x00007ffa995e0000 - 0x00007ffa995f7000 	C:\Windows\SYSTEM32\dhcpcsvc6.DLL
0x00007ffa99540000 - 0x00007ffa9955d000 	C:\Windows\SYSTEM32\dhcpcsvc.DLL
0x00007ffa55a50000 - 0x00007ffa55a60000 	C:\Sts\sts-4.17.1.RELEASE\plugins\org.eclipse.justj.openjdk.hotspot.jre.full.win32.x86_64_17.0.5.v20221102-0933\jre\bin\verify.dll

dbghelp: loaded successfully - version: 4.0.5 - missing functions: none
symbol engine: initialized successfully - sym options: 0x614 - pdb path: .;C:\Sts\sts-4.17.1.RELEASE\plugins\org.eclipse.justj.openjdk.hotspot.jre.full.win32.x86_64_17.0.5.v20221102-0933\jre\bin;C:\Windows\SYSTEM32;C:\Program Files\Avast Software\Avast;C:\Windows\WinSxS\amd64_microsoft.windows.common-controls_6595b64144ccf1df_6.0.19041.1110_none_60b5254171f9507e;C:\Sts\sts-4.17.1.RELEASE\plugins\org.eclipse.justj.openjdk.hotspot.jre.full.win32.x86_64_17.0.5.v20221102-0933\jre\bin\server

VM Arguments:
jvm_args: -XX:+ShowCodeDetailsInExceptionMessages -agentlib:jdwp=transport=dt_socket,suspend=y,address=localhost:63664 -Dcom.sun.management.jmxremote -Dcom.sun.management.jmxremote.port=63663 -Dcom.sun.management.jmxremote.authenticate=false -Dcom.sun.management.jmxremote.ssl=false -Djava.rmi.server.hostname=localhost -Dspring.jmx.enabled=true -Dmanagement.endpoints.jmx.exposure.include=* -Dspring.application.admin.enabled=true -XX:TieredStopAtLevel=1 -Dspring.boot.project.name=bds04 -javaagent:C:\Sts\sts-4.17.1.RELEASE\configuration\org.eclipse.osgi\267\0\.cp\lib\javaagent-shaded.jar -Dfile.encoding=UTF-8 
java_command: com.lrcs.Bds04Application --spring.output.ansi.enabled=always
java_class_path (initial): C:\Users\luanr\OneDrive\Documentos\Projetos\bds04\target\classes;C:\Users\luanr\.m2\repository\org\springframework\boot\spring-boot-starter-web\2.4.4\spring-boot-starter-web-2.4.4.jar;C:\Users\luanr\.m2\repository\org\springframework\boot\spring-boot-starter-json\2.4.4\spring-boot-starter-json-2.4.4.jar;C:\Users\luanr\.m2\repository\com\fasterxml\jackson\datatype\jackson-datatype-jdk8\2.11.4\jackson-datatype-jdk8-2.11.4.jar;C:\Users\luanr\.m2\repository\com\fasterxml\jackson\datatype\jackson-datatype-jsr310\2.11.4\jackson-datatype-jsr310-2.11.4.jar;C:\Users\luanr\.m2\repository\com\fasterxml\jackson\module\jackson-module-parameter-names\2.11.4\jackson-module-parameter-names-2.11.4.jar;C:\Users\luanr\.m2\repository\org\springframework\boot\spring-boot-starter-tomcat\2.4.4\spring-boot-starter-tomcat-2.4.4.jar;C:\Users\luanr\.m2\repository\org\apache\tomcat\embed\tomcat-embed-core\9.0.44\tomcat-embed-core-9.0.44.jar;C:\Users\luanr\.m2\repository\org\apache\tomcat\embed\tomcat-embed-websocket\9.0.44\tomcat-embed-websocket-9.0.44.jar;C:\Users\luanr\.m2\repository\org\springframework\spring-web\5.3.5\spring-web-5.3.5.jar;C:\Users\luanr\.m2\repository\org\springframework\spring-beans\5.3.5\spring-beans-5.3.5.jar;C:\Users\luanr\.m2\repository\org\springframework\spring-webmvc\5.3.5\spring-webmvc-5.3.5.jar;C:\Users\luanr\.m2\repository\org\springframework\spring-aop\5.3.5\spring-aop-5.3.5.jar;C:\Users\luanr\.m2\repository\org\springframework\spring-context\5.3.5\spring-context-5.3.5.jar;C:\Users\luanr\.m2\repository\org\springframework\spring-expression\5.3.5\spring-expression-5.3.5.jar;C:\Users\luanr\.m2\repository\org\springframework\boot\spring-boot-starter-data-jpa\2.4.4\spring-boot-starter-data-jpa-2.4.4.jar;C:\Users\luanr\.m2\repository\org\springframework\boot\spring-boot-starter-aop\2.4.4\spring-boot-starter-aop-2.4.4.jar;C:\Users\luanr\.m2\repository\org\aspectj\aspectjweaver\1.9.6\aspectjweaver-1.9.6.jar;C:\Users\luanr\.m2\repository\or
Launcher Type: SUN_STANDARD

[Global flags]
     intx CICompilerCount                          = 2                                         {product} {ergonomic}
     uint ConcGCThreads                            = 1                                         {product} {ergonomic}
     uint G1ConcRefinementThreads                  = 2                                         {product} {ergonomic}
   size_t G1HeapRegionSize                         = 1048576                                   {product} {ergonomic}
    uintx GCDrainStackTargetSize                   = 64                                        {product} {ergonomic}
   size_t InitialHeapSize                          = 134217728                                 {product} {ergonomic}
     bool ManagementServer                         = true                                      {product} {command line}
   size_t MarkStackSize                            = 4194304                                   {product} {ergonomic}
   size_t MaxHeapSize                              = 2147483648                                {product} {ergonomic}
   size_t MaxNewSize                               = 1287651328                                {product} {ergonomic}
   size_t MinHeapDeltaBytes                        = 1048576                                   {product} {ergonomic}
   size_t MinHeapSize                              = 8388608                                   {product} {ergonomic}
    uintx NonProfiledCodeHeapSize                  = 0                                      {pd product} {ergonomic}
     bool ProfileInterpreter                       = false                                  {pd product} {command line}
    uintx ProfiledCodeHeapSize                     = 0                                      {pd product} {ergonomic}
     bool ShowCodeDetailsInExceptionMessages       = true                                   {manageable} {command line}
   size_t SoftMaxHeapSize                          = 2147483648                             {manageable} {ergonomic}
     intx TieredStopAtLevel                        = 1                                         {product} {command line}
     bool UseCompressedClassPointers               = true                           {product lp64_product} {ergonomic}
     bool UseCompressedOops                        = true                           {product lp64_product} {ergonomic}
     bool UseG1GC                                  = true                                      {product} {ergonomic}
     bool UseLargePagesIndividualAllocation        = false                                  {pd product} {ergonomic}

Logging:
Log output configuration:
 #0: stdout all=warning uptime,level,tags
 #1: stderr all=off uptime,level,tags

Environment Variables:
JAVA_HOME=C:\Program Files\Java\zulu17.40.19-ca-jdk17.0.6-win_x64
PATH=C:\Sts\sts-4.17.1.RELEASE\plugins\org.eclipse.justj.openjdk.hotspot.jre.full.win32.x86_64_17.0.5.v20221102-0933\jre\bin;C:/Sts/sts-4.17.1.RELEASE//plugins/org.eclipse.justj.openjdk.hotspot.jre.full.win32.x86_64_17.0.5.v20221102-0933/jre/bin/server;C:/Sts/sts-4.17.1.RELEASE//plugins/org.eclipse.justj.openjdk.hotspot.jre.full.win32.x86_64_17.0.5.v20221102-0933/jre/bin;C:\Program Files\Java\zulu17.40.19-ca-jdk17.0.6-win_x64\bin;C:\Windows\system32;C:\Windows;C:\Windows\System32\Wbem;C:\Windows\System32\WindowsPowerShell\v1.0\;C:\Windows\System32\OpenSSH\;C:\Program Files\Git\cmd;C:\Program Files\nodejs\;C:\Program Files (x86)\NVIDIA Corporation\PhysX\Common;C:\Users\luanr\AppData\Local\Microsoft\WindowsApps;;C:\Users\luanr\AppData\Local\Programs\Microsoft VS Code\bin;C:\Users\luanr\AppData\Roaming\npm;C:\Sts\sts-4.17.1.RELEASE;
USERNAME=luanr
OS=Windows_NT
PROCESSOR_IDENTIFIER=AMD64 Family 21 Model 2 Stepping 0, AuthenticAMD
TMP=C:\Users\luanr\AppData\Local\Temp
TEMP=C:\Users\luanr\AppData\Local\Temp



---------------  S Y S T E M  ---------------

OS:
 Windows 10 , 64 bit Build 19041 (10.0.19041.2364)
OS uptime: 0 days 0:15 hours

CPU: total 2 (initial active 2) (2 cores per cpu, 1 threads per core) family 21 model 2 stepping 0 microcode 0x0, cx8, cmov, fxsr, mmx, 3dnowpref, sse, sse2, sse3, ssse3, sse4a, sse4.1, sse4.2, popcnt, lzcnt, tsc, tscinvbit, avx, aes, clmul, bmi1, fma, vzeroupper, clflush

Memory: 4k page, system-wide physical 8189M (3028M free)
TotalPageFile size 10109M (AvailPageFile size 4766M)
current process WorkingSet (physical memory assigned to process): 237M, peak: 256M
current process commit charge ("private bytes"): 257M, peak: 278M

vm_info: OpenJDK 64-Bit Server VM (17.0.5+8) for windows-amd64 JRE (17.0.5+8), built on Oct 19 2022 04:48:13 by "temurin" with MS VC++ 16.7 (VS2019)

END.
